2020-03-02 12:56:30,820 INFO org.apache.hadoop.yarn.server.resourcemanager.ResourceManager: STARTUP_MSG: 
/************************************************************
STARTUP_MSG: Starting ResourceManager
STARTUP_MSG:   host = ubuntu/127.0.1.1
STARTUP_MSG:   args = []
STARTUP_MSG:   version = 3.2.1
STARTUP_MSG:   classpath = /home/paradox/hadoop/etc/hadoop:/home/paradox/hadoop/share/hadoop/common/lib/hadoop-annotations-3.2.1.jar:/home/paradox/hadoop/share/hadoop/common/lib/jsp-api-2.1.jar:/home/paradox/hadoop/share/hadoop/common/lib/kerb-server-1.0.1.jar:/home/paradox/hadoop/share/hadoop/common/lib/jackson-core-asl-1.9.13.jar:/home/paradox/hadoop/share/hadoop/common/lib/commons-collections-3.2.2.jar:/home/paradox/hadoop/share/hadoop/common/lib/jackson-databind-2.9.8.jar:/home/paradox/hadoop/share/hadoop/common/lib/avro-1.7.7.jar:/home/paradox/hadoop/share/hadoop/common/lib/kerb-simplekdc-1.0.1.jar:/home/paradox/hadoop/share/hadoop/common/lib/htrace-core4-4.1.0-incubating.jar:/home/paradox/hadoop/share/hadoop/common/lib/jersey-core-1.19.jar:/home/paradox/hadoop/share/hadoop/common/lib/commons-math3-3.1.1.jar:/home/paradox/hadoop/share/hadoop/common/lib/commons-configuration2-2.1.1.jar:/home/paradox/hadoop/share/hadoop/common/lib/gson-2.2.4.jar:/home/paradox/hadoop/share/hadoop/common/lib/jsch-0.1.54.jar:/home/paradox/hadoop/share/hadoop/common/lib/listenablefuture-9999.0-empty-to-avoid-conflict-with-guava.jar:/home/paradox/hadoop/share/hadoop/common/lib/kerb-identity-1.0.1.jar:/home/paradox/hadoop/share/hadoop/common/lib/accessors-smart-1.2.jar:/home/paradox/hadoop/share/hadoop/common/lib/commons-cli-1.2.jar:/home/paradox/hadoop/share/hadoop/common/lib/jackson-jaxrs-1.9.13.jar:/home/paradox/hadoop/share/hadoop/common/lib/re2j-1.1.jar:/home/paradox/hadoop/share/hadoop/common/lib/hadoop-auth-3.2.1.jar:/home/paradox/hadoop/share/hadoop/common/lib/kerb-crypto-1.0.1.jar:/home/paradox/hadoop/share/hadoop/common/lib/jettison-1.1.jar:/home/paradox/hadoop/share/hadoop/common/lib/jaxb-api-2.2.11.jar:/home/paradox/hadoop/share/hadoop/common/lib/httpcore-4.4.10.jar:/home/paradox/hadoop/share/hadoop/common/lib/kerby-config-1.0.1.jar:/home/paradox/hadoop/share/hadoop/common/lib/kerb-client-1.0.1.jar:/home/paradox/hadoop/share/hadoop/common/lib/commons-codec-1.11.jar:/home/paradox/hadoop/share/hadoop/common/lib/jetty-servlet-9.3.24.v20180605.jar:/home/paradox/hadoop/share/hadoop/common/lib/jetty-webapp-9.3.24.v20180605.jar:/home/paradox/hadoop/share/hadoop/common/lib/checker-qual-2.5.2.jar:/home/paradox/hadoop/share/hadoop/common/lib/log4j-1.2.17.jar:/home/paradox/hadoop/share/hadoop/common/lib/jsr305-3.0.0.jar:/home/paradox/hadoop/share/hadoop/common/lib/token-provider-1.0.1.jar:/home/paradox/hadoop/share/hadoop/common/lib/kerby-util-1.0.1.jar:/home/paradox/hadoop/share/hadoop/common/lib/nimbus-jose-jwt-4.41.1.jar:/home/paradox/hadoop/share/hadoop/common/lib/jsr311-api-1.1.1.jar:/home/paradox/hadoop/share/hadoop/common/lib/jackson-core-2.9.8.jar:/home/paradox/hadoop/share/hadoop/common/lib/jetty-util-9.3.24.v20180605.jar:/home/paradox/hadoop/share/hadoop/common/lib/jackson-xc-1.9.13.jar:/home/paradox/hadoop/share/hadoop/common/lib/protobuf-java-2.5.0.jar:/home/paradox/hadoop/share/hadoop/common/lib/slf4j-log4j12-1.7.25.jar:/home/paradox/hadoop/share/hadoop/common/lib/jetty-io-9.3.24.v20180605.jar:/home/paradox/hadoop/share/hadoop/common/lib/jcip-annotations-1.0-1.jar:/home/paradox/hadoop/share/hadoop/common/lib/commons-compress-1.18.jar:/home/paradox/hadoop/share/hadoop/common/lib/curator-recipes-2.13.0.jar:/home/paradox/hadoop/share/hadoop/common/lib/httpclient-4.5.6.jar:/home/paradox/hadoop/share/hadoop/common/lib/metrics-core-3.2.4.jar:/home/paradox/hadoop/share/hadoop/common/lib/error_prone_annotations-2.2.0.jar:/home/paradox/hadoop/share/hadoop/common/lib/jackson-annotations-2.9.8.jar:/home/paradox/hadoop/share/hadoop/common/lib/jetty-xml-9.3.24.v20180605.jar:/home/paradox/hadoop/share/hadoop/common/lib/animal-sniffer-annotations-1.17.jar:/home/paradox/hadoop/share/hadoop/common/lib/zookeeper-3.4.13.jar:/home/paradox/hadoop/share/hadoop/common/lib/jetty-server-9.3.24.v20180605.jar:/home/paradox/hadoop/share/hadoop/common/lib/jersey-servlet-1.19.jar:/home/paradox/hadoop/share/hadoop/common/lib/commons-lang3-3.7.jar:/home/paradox/hadoop/share/hadoop/common/lib/kerb-common-1.0.1.jar:/home/paradox/hadoop/share/hadoop/common/lib/kerb-admin-1.0.1.jar:/home/paradox/hadoop/share/hadoop/common/lib/commons-net-3.6.jar:/home/paradox/hadoop/share/hadoop/common/lib/woodstox-core-5.0.3.jar:/home/paradox/hadoop/share/hadoop/common/lib/jackson-mapper-asl-1.9.13.jar:/home/paradox/hadoop/share/hadoop/common/lib/kerb-core-1.0.1.jar:/home/paradox/hadoop/share/hadoop/common/lib/json-smart-2.3.jar:/home/paradox/hadoop/share/hadoop/common/lib/commons-io-2.5.jar:/home/paradox/hadoop/share/hadoop/common/lib/failureaccess-1.0.jar:/home/paradox/hadoop/share/hadoop/common/lib/snappy-java-1.0.5.jar:/home/paradox/hadoop/share/hadoop/common/lib/kerby-pkix-1.0.1.jar:/home/paradox/hadoop/share/hadoop/common/lib/kerby-xdr-1.0.1.jar:/home/paradox/hadoop/share/hadoop/common/lib/asm-5.0.4.jar:/home/paradox/hadoop/share/hadoop/common/lib/curator-client-2.13.0.jar:/home/paradox/hadoop/share/hadoop/common/lib/jetty-http-9.3.24.v20180605.jar:/home/paradox/hadoop/share/hadoop/common/lib/commons-logging-1.1.3.jar:/home/paradox/hadoop/share/hadoop/common/lib/jul-to-slf4j-1.7.25.jar:/home/paradox/hadoop/share/hadoop/common/lib/netty-3.10.5.Final.jar:/home/paradox/hadoop/share/hadoop/common/lib/audience-annotations-0.5.0.jar:/home/paradox/hadoop/share/hadoop/common/lib/jersey-server-1.19.jar:/home/paradox/hadoop/share/hadoop/common/lib/commons-beanutils-1.9.3.jar:/home/paradox/hadoop/share/hadoop/common/lib/jetty-security-9.3.24.v20180605.jar:/home/paradox/hadoop/share/hadoop/common/lib/slf4j-api-1.7.25.jar:/home/paradox/hadoop/share/hadoop/common/lib/commons-text-1.4.jar:/home/paradox/hadoop/share/hadoop/common/lib/kerby-asn1-1.0.1.jar:/home/paradox/hadoop/share/hadoop/common/lib/guava-27.0-jre.jar:/home/paradox/hadoop/share/hadoop/common/lib/dnsjava-2.1.7.jar:/home/paradox/hadoop/share/hadoop/common/lib/jersey-json-1.19.jar:/home/paradox/hadoop/share/hadoop/common/lib/javax.servlet-api-3.1.0.jar:/home/paradox/hadoop/share/hadoop/common/lib/curator-framework-2.13.0.jar:/home/paradox/hadoop/share/hadoop/common/lib/kerb-util-1.0.1.jar:/home/paradox/hadoop/share/hadoop/common/lib/j2objc-annotations-1.1.jar:/home/paradox/hadoop/share/hadoop/common/lib/jaxb-impl-2.2.3-1.jar:/home/paradox/hadoop/share/hadoop/common/lib/stax2-api-3.1.4.jar:/home/paradox/hadoop/share/hadoop/common/lib/paranamer-2.3.jar:/home/paradox/hadoop/share/hadoop/common/hadoop-nfs-3.2.1.jar:/home/paradox/hadoop/share/hadoop/common/hadoop-common-3.2.1.jar:/home/paradox/hadoop/share/hadoop/common/hadoop-common-3.2.1-tests.jar:/home/paradox/hadoop/share/hadoop/common/hadoop-kms-3.2.1.jar:/home/paradox/hadoop/share/hadoop/hdfs:/home/paradox/hadoop/share/hadoop/hdfs/lib/hadoop-annotations-3.2.1.jar:/home/paradox/hadoop/share/hadoop/hdfs/lib/kerb-server-1.0.1.jar:/home/paradox/hadoop/share/hadoop/hdfs/lib/jackson-core-asl-1.9.13.jar:/home/paradox/hadoop/share/hadoop/hdfs/lib/commons-collections-3.2.2.jar:/home/paradox/hadoop/share/hadoop/hdfs/lib/jackson-databind-2.9.8.jar:/home/paradox/hadoop/share/hadoop/hdfs/lib/avro-1.7.7.jar:/home/paradox/hadoop/share/hadoop/hdfs/lib/kerb-simplekdc-1.0.1.jar:/home/paradox/hadoop/share/hadoop/hdfs/lib/htrace-core4-4.1.0-incubating.jar:/home/paradox/hadoop/share/hadoop/hdfs/lib/jersey-core-1.19.jar:/home/paradox/hadoop/share/hadoop/hdfs/lib/commons-math3-3.1.1.jar:/home/paradox/hadoop/share/hadoop/hdfs/lib/json-simple-1.1.1.jar:/home/paradox/hadoop/share/hadoop/hdfs/lib/commons-configuration2-2.1.1.jar:/home/paradox/hadoop/share/hadoop/hdfs/lib/gson-2.2.4.jar:/home/paradox/hadoop/share/hadoop/hdfs/lib/jsch-0.1.54.jar:/home/paradox/hadoop/share/hadoop/hdfs/lib/listenablefuture-9999.0-empty-to-avoid-conflict-with-guava.jar:/home/paradox/hadoop/share/hadoop/hdfs/lib/kerb-identity-1.0.1.jar:/home/paradox/hadoop/share/hadoop/hdfs/lib/accessors-smart-1.2.jar:/home/paradox/hadoop/share/hadoop/hdfs/lib/commons-cli-1.2.jar:/home/paradox/hadoop/share/hadoop/hdfs/lib/jackson-jaxrs-1.9.13.jar:/home/paradox/hadoop/share/hadoop/hdfs/lib/re2j-1.1.jar:/home/paradox/hadoop/share/hadoop/hdfs/lib/hadoop-auth-3.2.1.jar:/home/paradox/hadoop/share/hadoop/hdfs/lib/kerb-crypto-1.0.1.jar:/home/paradox/hadoop/share/hadoop/hdfs/lib/leveldbjni-all-1.8.jar:/home/paradox/hadoop/share/hadoop/hdfs/lib/jettison-1.1.jar:/home/paradox/hadoop/share/hadoop/hdfs/lib/jaxb-api-2.2.11.jar:/home/paradox/hadoop/share/hadoop/hdfs/lib/httpcore-4.4.10.jar:/home/paradox/hadoop/share/hadoop/hdfs/lib/kerby-config-1.0.1.jar:/home/paradox/hadoop/share/hadoop/hdfs/lib/kerb-client-1.0.1.jar:/home/paradox/hadoop/share/hadoop/hdfs/lib/commons-codec-1.11.jar:/home/paradox/hadoop/share/hadoop/hdfs/lib/jetty-servlet-9.3.24.v20180605.jar:/home/paradox/hadoop/share/hadoop/hdfs/lib/jetty-webapp-9.3.24.v20180605.jar:/home/paradox/hadoop/share/hadoop/hdfs/lib/checker-qual-2.5.2.jar:/home/paradox/hadoop/share/hadoop/hdfs/lib/log4j-1.2.17.jar:/home/paradox/hadoop/share/hadoop/hdfs/lib/jsr305-3.0.0.jar:/home/paradox/hadoop/share/hadoop/hdfs/lib/token-provider-1.0.1.jar:/home/paradox/hadoop/share/hadoop/hdfs/lib/kerby-util-1.0.1.jar:/home/paradox/hadoop/share/hadoop/hdfs/lib/nimbus-jose-jwt-4.41.1.jar:/home/paradox/hadoop/share/hadoop/hdfs/lib/jsr311-api-1.1.1.jar:/home/paradox/hadoop/share/hadoop/hdfs/lib/jackson-core-2.9.8.jar:/home/paradox/hadoop/share/hadoop/hdfs/lib/jetty-util-9.3.24.v20180605.jar:/home/paradox/hadoop/share/hadoop/hdfs/lib/jackson-xc-1.9.13.jar:/home/paradox/hadoop/share/hadoop/hdfs/lib/protobuf-java-2.5.0.jar:/home/paradox/hadoop/share/hadoop/hdfs/lib/okhttp-2.7.5.jar:/home/paradox/hadoop/share/hadoop/hdfs/lib/jetty-io-9.3.24.v20180605.jar:/home/paradox/hadoop/share/hadoop/hdfs/lib/jcip-annotations-1.0-1.jar:/home/paradox/hadoop/share/hadoop/hdfs/lib/jetty-util-ajax-9.3.24.v20180605.jar:/home/paradox/hadoop/share/hadoop/hdfs/lib/commons-compress-1.18.jar:/home/paradox/hadoop/share/hadoop/hdfs/lib/curator-recipes-2.13.0.jar:/home/paradox/hadoop/share/hadoop/hdfs/lib/httpclient-4.5.6.jar:/home/paradox/hadoop/share/hadoop/hdfs/lib/error_prone_annotations-2.2.0.jar:/home/paradox/hadoop/share/hadoop/hdfs/lib/okio-1.6.0.jar:/home/paradox/hadoop/share/hadoop/hdfs/lib/jackson-annotations-2.9.8.jar:/home/paradox/hadoop/share/hadoop/hdfs/lib/jetty-xml-9.3.24.v20180605.jar:/home/paradox/hadoop/share/hadoop/hdfs/lib/animal-sniffer-annotations-1.17.jar:/home/paradox/hadoop/share/hadoop/hdfs/lib/zookeeper-3.4.13.jar:/home/paradox/hadoop/share/hadoop/hdfs/lib/jetty-server-9.3.24.v20180605.jar:/home/paradox/hadoop/share/hadoop/hdfs/lib/netty-all-4.0.52.Final.jar:/home/paradox/hadoop/share/hadoop/hdfs/lib/jersey-servlet-1.19.jar:/home/paradox/hadoop/share/hadoop/hdfs/lib/commons-lang3-3.7.jar:/home/paradox/hadoop/share/hadoop/hdfs/lib/kerb-common-1.0.1.jar:/home/paradox/hadoop/share/hadoop/hdfs/lib/kerb-admin-1.0.1.jar:/home/paradox/hadoop/share/hadoop/hdfs/lib/commons-net-3.6.jar:/home/paradox/hadoop/share/hadoop/hdfs/lib/woodstox-core-5.0.3.jar:/home/paradox/hadoop/share/hadoop/hdfs/lib/jackson-mapper-asl-1.9.13.jar:/home/paradox/hadoop/share/hadoop/hdfs/lib/kerb-core-1.0.1.jar:/home/paradox/hadoop/share/hadoop/hdfs/lib/json-smart-2.3.jar:/home/paradox/hadoop/share/hadoop/hdfs/lib/commons-io-2.5.jar:/home/paradox/hadoop/share/hadoop/hdfs/lib/failureaccess-1.0.jar:/home/paradox/hadoop/share/hadoop/hdfs/lib/snappy-java-1.0.5.jar:/home/paradox/hadoop/share/hadoop/hdfs/lib/kerby-pkix-1.0.1.jar:/home/paradox/hadoop/share/hadoop/hdfs/lib/kerby-xdr-1.0.1.jar:/home/paradox/hadoop/share/hadoop/hdfs/lib/asm-5.0.4.jar:/home/paradox/hadoop/share/hadoop/hdfs/lib/curator-client-2.13.0.jar:/home/paradox/hadoop/share/hadoop/hdfs/lib/jetty-http-9.3.24.v20180605.jar:/home/paradox/hadoop/share/hadoop/hdfs/lib/commons-logging-1.1.3.jar:/home/paradox/hadoop/share/hadoop/hdfs/lib/commons-daemon-1.0.13.jar:/home/paradox/hadoop/share/hadoop/hdfs/lib/netty-3.10.5.Final.jar:/home/paradox/hadoop/share/hadoop/hdfs/lib/audience-annotations-0.5.0.jar:/home/paradox/hadoop/share/hadoop/hdfs/lib/jersey-server-1.19.jar:/home/paradox/hadoop/share/hadoop/hdfs/lib/commons-beanutils-1.9.3.jar:/home/paradox/hadoop/share/hadoop/hdfs/lib/jetty-security-9.3.24.v20180605.jar:/home/paradox/hadoop/share/hadoop/hdfs/lib/commons-text-1.4.jar:/home/paradox/hadoop/share/hadoop/hdfs/lib/kerby-asn1-1.0.1.jar:/home/paradox/hadoop/share/hadoop/hdfs/lib/guava-27.0-jre.jar:/home/paradox/hadoop/share/hadoop/hdfs/lib/dnsjava-2.1.7.jar:/home/paradox/hadoop/share/hadoop/hdfs/lib/jersey-json-1.19.jar:/home/paradox/hadoop/share/hadoop/hdfs/lib/javax.servlet-api-3.1.0.jar:/home/paradox/hadoop/share/hadoop/hdfs/lib/curator-framework-2.13.0.jar:/home/paradox/hadoop/share/hadoop/hdfs/lib/kerb-util-1.0.1.jar:/home/paradox/hadoop/share/hadoop/hdfs/lib/j2objc-annotations-1.1.jar:/home/paradox/hadoop/share/hadoop/hdfs/lib/jaxb-impl-2.2.3-1.jar:/home/paradox/hadoop/share/hadoop/hdfs/lib/stax2-api-3.1.4.jar:/home/paradox/hadoop/share/hadoop/hdfs/lib/paranamer-2.3.jar:/home/paradox/hadoop/share/hadoop/hdfs/hadoop-hdfs-nfs-3.2.1.jar:/home/paradox/hadoop/share/hadoop/hdfs/hadoop-hdfs-3.2.1-tests.jar:/home/paradox/hadoop/share/hadoop/hdfs/hadoop-hdfs-3.2.1.jar:/home/paradox/hadoop/share/hadoop/hdfs/hadoop-hdfs-httpfs-3.2.1.jar:/home/paradox/hadoop/share/hadoop/hdfs/hadoop-hdfs-rbf-3.2.1-tests.jar:/home/paradox/hadoop/share/hadoop/hdfs/hadoop-hdfs-client-3.2.1-tests.jar:/home/paradox/hadoop/share/hadoop/hdfs/hadoop-hdfs-client-3.2.1.jar:/home/paradox/hadoop/share/hadoop/hdfs/hadoop-hdfs-native-client-3.2.1-tests.jar:/home/paradox/hadoop/share/hadoop/hdfs/hadoop-hdfs-native-client-3.2.1.jar:/home/paradox/hadoop/share/hadoop/hdfs/hadoop-hdfs-rbf-3.2.1.jar:/home/paradox/hadoop/share/hadoop/mapreduce/lib/junit-4.11.jar:/home/paradox/hadoop/share/hadoop/mapreduce/lib/hamcrest-core-1.3.jar:/home/paradox/hadoop/share/hadoop/mapreduce/hadoop-mapreduce-client-hs-3.2.1.jar:/home/paradox/hadoop/share/hadoop/mapreduce/hadoop-mapreduce-client-shuffle-3.2.1.jar:/home/paradox/hadoop/share/hadoop/mapreduce/hadoop-mapreduce-examples-3.2.1.jar:/home/paradox/hadoop/share/hadoop/mapreduce/hadoop-mapreduce-client-core-3.2.1.jar:/home/paradox/hadoop/share/hadoop/mapreduce/hadoop-mapreduce-client-jobclient-3.2.1.jar:/home/paradox/hadoop/share/hadoop/mapreduce/hadoop-mapreduce-client-app-3.2.1.jar:/home/paradox/hadoop/share/hadoop/mapreduce/hadoop-mapreduce-client-jobclient-3.2.1-tests.jar:/home/paradox/hadoop/share/hadoop/mapreduce/hadoop-mapreduce-client-hs-plugins-3.2.1.jar:/home/paradox/hadoop/share/hadoop/mapreduce/hadoop-mapreduce-client-uploader-3.2.1.jar:/home/paradox/hadoop/share/hadoop/mapreduce/hadoop-mapreduce-client-nativetask-3.2.1.jar:/home/paradox/hadoop/share/hadoop/mapreduce/hadoop-mapreduce-client-common-3.2.1.jar:/home/paradox/hadoop/share/hadoop/yarn:/home/paradox/hadoop/share/hadoop/yarn/lib/guice-4.0.jar:/home/paradox/hadoop/share/hadoop/yarn/lib/fst-2.50.jar:/home/paradox/hadoop/share/hadoop/yarn/lib/java-util-1.9.0.jar:/home/paradox/hadoop/share/hadoop/yarn/lib/jackson-module-jaxb-annotations-2.9.8.jar:/home/paradox/hadoop/share/hadoop/yarn/lib/jackson-jaxrs-base-2.9.8.jar:/home/paradox/hadoop/share/hadoop/yarn/lib/jackson-jaxrs-json-provider-2.9.8.jar:/home/paradox/hadoop/share/hadoop/yarn/lib/ehcache-3.3.1.jar:/home/paradox/hadoop/share/hadoop/yarn/lib/aopalliance-1.0.jar:/home/paradox/hadoop/share/hadoop/yarn/lib/javax.inject-1.jar:/home/paradox/hadoop/share/hadoop/yarn/lib/jersey-guice-1.19.jar:/home/paradox/hadoop/share/hadoop/yarn/lib/metrics-core-3.2.4.jar:/home/paradox/hadoop/share/hadoop/yarn/lib/HikariCP-java7-2.4.12.jar:/home/paradox/hadoop/share/hadoop/yarn/lib/objenesis-1.0.jar:/home/paradox/hadoop/share/hadoop/yarn/lib/json-io-2.5.1.jar:/home/paradox/hadoop/share/hadoop/yarn/lib/swagger-annotations-1.5.4.jar:/home/paradox/hadoop/share/hadoop/yarn/lib/geronimo-jcache_1.0_spec-1.0-alpha-1.jar:/home/paradox/hadoop/share/hadoop/yarn/lib/mssql-jdbc-6.2.1.jre7.jar:/home/paradox/hadoop/share/hadoop/yarn/lib/guice-servlet-4.0.jar:/home/paradox/hadoop/share/hadoop/yarn/lib/bcprov-jdk15on-1.60.jar:/home/paradox/hadoop/share/hadoop/yarn/lib/snakeyaml-1.16.jar:/home/paradox/hadoop/share/hadoop/yarn/lib/jersey-client-1.19.jar:/home/paradox/hadoop/share/hadoop/yarn/lib/bcpkix-jdk15on-1.60.jar:/home/paradox/hadoop/share/hadoop/yarn/hadoop-yarn-client-3.2.1.jar:/home/paradox/hadoop/share/hadoop/yarn/hadoop-yarn-applications-distributedshell-3.2.1.jar:/home/paradox/hadoop/share/hadoop/yarn/hadoop-yarn-server-tests-3.2.1.jar:/home/paradox/hadoop/share/hadoop/yarn/hadoop-yarn-api-3.2.1.jar:/home/paradox/hadoop/share/hadoop/yarn/hadoop-yarn-server-router-3.2.1.jar:/home/paradox/hadoop/share/hadoop/yarn/hadoop-yarn-server-common-3.2.1.jar:/home/paradox/hadoop/share/hadoop/yarn/hadoop-yarn-server-nodemanager-3.2.1.jar:/home/paradox/hadoop/share/hadoop/yarn/hadoop-yarn-server-resourcemanager-3.2.1.jar:/home/paradox/hadoop/share/hadoop/yarn/hadoop-yarn-common-3.2.1.jar:/home/paradox/hadoop/share/hadoop/yarn/hadoop-yarn-server-web-proxy-3.2.1.jar:/home/paradox/hadoop/share/hadoop/yarn/hadoop-yarn-server-sharedcachemanager-3.2.1.jar:/home/paradox/hadoop/share/hadoop/yarn/hadoop-yarn-server-applicationhistoryservice-3.2.1.jar:/home/paradox/hadoop/share/hadoop/yarn/hadoop-yarn-services-core-3.2.1.jar:/home/paradox/hadoop/share/hadoop/yarn/hadoop-yarn-server-timeline-pluginstorage-3.2.1.jar:/home/paradox/hadoop/share/hadoop/yarn/hadoop-yarn-submarine-3.2.1.jar:/home/paradox/hadoop/share/hadoop/yarn/hadoop-yarn-applications-unmanaged-am-launcher-3.2.1.jar:/home/paradox/hadoop/share/hadoop/yarn/hadoop-yarn-services-api-3.2.1.jar:/home/paradox/hadoop/share/hadoop/yarn/hadoop-yarn-registry-3.2.1.jar:/home/paradox/hadoop/share/hadoop/yarn/timelineservice/hadoop-yarn-server-timelineservice-hbase-coprocessor-3.2.1.jar:/home/paradox/hadoop/share/hadoop/yarn/timelineservice/hadoop-yarn-server-timelineservice-3.2.1.jar:/home/paradox/hadoop/share/hadoop/yarn/timelineservice/hadoop-yarn-server-timelineservice-hbase-client-3.2.1.jar:/home/paradox/hadoop/share/hadoop/yarn/timelineservice/hadoop-yarn-server-timelineservice-hbase-common-3.2.1.jar:/home/paradox/hadoop/share/hadoop/yarn/timelineservice/lib/commons-csv-1.0.jar:/home/paradox/hadoop/share/hadoop/yarn/timelineservice/lib/commons-lang-2.6.jar:/home/paradox/hadoop/share/hadoop/yarn/timelineservice/lib/jcodings-1.0.13.jar:/home/paradox/hadoop/share/hadoop/yarn/timelineservice/lib/hbase-client-1.2.6.jar:/home/paradox/hadoop/share/hadoop/yarn/timelineservice/lib/hbase-protocol-1.2.6.jar:/home/paradox/hadoop/share/hadoop/yarn/timelineservice/lib/hbase-common-1.2.6.jar:/home/paradox/hadoop/share/hadoop/yarn/timelineservice/lib/hbase-annotations-1.2.6.jar:/home/paradox/hadoop/share/hadoop/yarn/timelineservice/lib/htrace-core-3.1.0-incubating.jar:/home/paradox/hadoop/share/hadoop/yarn/timelineservice/lib/joni-2.1.2.jar:/home/paradox/hadoop/share/hadoop/yarn/timelineservice/lib/metrics-core-2.2.0.jar
STARTUP_MSG:   build = https://gitbox.apache.org/repos/asf/hadoop.git -r b3cbbb467e22ea829b3808f4b7b01d07e0bf3842; compiled by 'rohithsharmaks' on 2019-09-10T15:56Z
STARTUP_MSG:   java = 1.8.0_242
************************************************************/
2020-03-02 12:56:30,828 INFO org.apache.hadoop.yarn.server.resourcemanager.ResourceManager: registered UNIX signal handlers for [TERM, HUP, INT]
2020-03-02 12:56:31,058 INFO org.apache.hadoop.conf.Configuration: found resource core-site.xml at file:/home/paradox/hadoop/etc/hadoop/core-site.xml
2020-03-02 12:56:31,151 INFO org.apache.hadoop.conf.Configuration: resource-types.xml not found
2020-03-02 12:56:31,151 INFO org.apache.hadoop.yarn.util.resource.ResourceUtils: Unable to find 'resource-types.xml'.
2020-03-02 12:56:31,196 INFO org.apache.hadoop.conf.Configuration: found resource yarn-site.xml at file:/home/paradox/hadoop/etc/hadoop/yarn-site.xml
2020-03-02 12:56:31,208 INFO org.apache.hadoop.yarn.event.AsyncDispatcher: Registering class org.apache.hadoop.yarn.server.resourcemanager.RMFatalEventType for class org.apache.hadoop.yarn.server.resourcemanager.ResourceManager$RMFatalEventDispatcher
2020-03-02 12:56:31,243 INFO org.apache.hadoop.yarn.server.resourcemanager.security.NMTokenSecretManagerInRM: NMTokenKeyRollingInterval: 86400000ms and NMTokenKeyActivationDelay: 900000ms
2020-03-02 12:56:31,246 INFO org.apache.hadoop.yarn.server.resourcemanager.security.RMContainerTokenSecretManager: ContainerTokenKeyRollingInterval: 86400000ms and ContainerTokenKeyActivationDelay: 900000ms
2020-03-02 12:56:31,342 INFO org.apache.hadoop.yarn.server.resourcemanager.security.AMRMTokenSecretManager: AMRMTokenKeyRollingInterval: 86400000ms and AMRMTokenKeyActivationDelay: 900000 ms
2020-03-02 12:56:31,379 INFO org.apache.hadoop.yarn.event.AsyncDispatcher: Registering class org.apache.hadoop.yarn.server.resourcemanager.recovery.RMStateStoreEventType for class org.apache.hadoop.yarn.server.resourcemanager.recovery.RMStateStore$ForwardingEventHandler
2020-03-02 12:56:31,381 INFO org.apache.hadoop.yarn.event.AsyncDispatcher: Registering class org.apache.hadoop.yarn.server.resourcemanager.NodesListManagerEventType for class org.apache.hadoop.yarn.server.resourcemanager.NodesListManager
2020-03-02 12:56:31,381 INFO org.apache.hadoop.yarn.server.resourcemanager.ResourceManager: Using Scheduler: org.apache.hadoop.yarn.server.resourcemanager.scheduler.capacity.CapacityScheduler
2020-03-02 12:56:31,432 INFO org.apache.hadoop.yarn.event.AsyncDispatcher: Registering class org.apache.hadoop.yarn.server.resourcemanager.scheduler.event.SchedulerEventType for class org.apache.hadoop.yarn.event.EventDispatcher
2020-03-02 12:56:31,433 INFO org.apache.hadoop.yarn.event.AsyncDispatcher: Registering class org.apache.hadoop.yarn.server.resourcemanager.rmapp.RMAppEventType for class org.apache.hadoop.yarn.server.resourcemanager.ResourceManager$ApplicationEventDispatcher
2020-03-02 12:56:31,434 INFO org.apache.hadoop.yarn.event.AsyncDispatcher: Registering class org.apache.hadoop.yarn.server.resourcemanager.rmapp.attempt.RMAppAttemptEventType for class org.apache.hadoop.yarn.server.resourcemanager.ResourceManager$ApplicationAttemptEventDispatcher
2020-03-02 12:56:31,434 INFO org.apache.hadoop.yarn.event.AsyncDispatcher: Registering class org.apache.hadoop.yarn.server.resourcemanager.rmnode.RMNodeEventType for class org.apache.hadoop.yarn.server.resourcemanager.ResourceManager$NodeEventDispatcher
2020-03-02 12:56:31,495 INFO org.apache.hadoop.metrics2.impl.MetricsConfig: Loaded properties from hadoop-metrics2.properties
2020-03-02 12:56:31,604 INFO org.apache.hadoop.metrics2.impl.MetricsSystemImpl: Scheduled Metric snapshot period at 10 second(s).
2020-03-02 12:56:31,604 INFO org.apache.hadoop.metrics2.impl.MetricsSystemImpl: ResourceManager metrics system started
2020-03-02 12:56:31,618 INFO org.apache.hadoop.yarn.security.YarnAuthorizationProvider: org.apache.hadoop.yarn.security.ConfiguredYarnAuthorizer is instantiated.
2020-03-02 12:56:31,621 INFO org.apache.hadoop.yarn.event.AsyncDispatcher: Registering class org.apache.hadoop.yarn.server.resourcemanager.RMAppManagerEventType for class org.apache.hadoop.yarn.server.resourcemanager.RMAppManager
2020-03-02 12:56:31,626 INFO org.apache.hadoop.yarn.event.AsyncDispatcher: Registering class org.apache.hadoop.yarn.server.resourcemanager.amlauncher.AMLauncherEventType for class org.apache.hadoop.yarn.server.resourcemanager.amlauncher.ApplicationMasterLauncher
2020-03-02 12:56:31,628 INFO org.apache.hadoop.yarn.server.resourcemanager.RMNMInfo: Registered RMNMInfo MBean
2020-03-02 12:56:31,628 INFO org.apache.hadoop.yarn.server.resourcemanager.rmapp.monitor.RMAppLifetimeMonitor: Application lifelime monitor interval set to 3000 ms.
2020-03-02 12:56:31,632 INFO org.apache.hadoop.yarn.server.resourcemanager.scheduler.placement.MultiNodeSortingManager: Initializing NodeSortingService=MultiNodeSortingManager
2020-03-02 12:56:31,634 INFO org.apache.hadoop.util.HostsFileReader: Refreshing hosts (include/exclude) list
2020-03-02 12:56:31,640 INFO org.apache.hadoop.conf.Configuration: found resource capacity-scheduler.xml at file:/home/paradox/hadoop/etc/hadoop/capacity-scheduler.xml
2020-03-02 12:56:31,661 INFO org.apache.hadoop.yarn.server.resourcemanager.scheduler.AbstractYarnScheduler: Minimum allocation = <memory:1024, vCores:1>
2020-03-02 12:56:31,661 INFO org.apache.hadoop.yarn.server.resourcemanager.scheduler.AbstractYarnScheduler: Maximum allocation = <memory:8192, vCores:4>
2020-03-02 12:56:31,805 INFO org.apache.hadoop.yarn.server.resourcemanager.scheduler.capacity.CapacitySchedulerConfiguration: max alloc mb per queue for root is undefined
2020-03-02 12:56:31,805 INFO org.apache.hadoop.yarn.server.resourcemanager.scheduler.capacity.CapacitySchedulerConfiguration: max alloc vcore per queue for root is undefined
2020-03-02 12:56:31,840 INFO org.apache.hadoop.yarn.server.resourcemanager.scheduler.capacity.ParentQueue: root, capacity=1.0, absoluteCapacity=1.0, maxCapacity=1.0, absoluteMaxCapacity=1.0, state=RUNNING, acls=SUBMIT_APP:*ADMINISTER_QUEUE:*, labels=*,
, reservationsContinueLooking=true, orderingPolicy=utilization, priority=0
2020-03-02 12:56:31,840 INFO org.apache.hadoop.yarn.server.resourcemanager.scheduler.capacity.ParentQueue: Initialized parent-queue root name=root, fullname=root
2020-03-02 12:56:31,915 INFO org.apache.hadoop.yarn.server.resourcemanager.scheduler.capacity.CapacitySchedulerConfiguration: max alloc mb per queue for root.default is undefined
2020-03-02 12:56:31,915 INFO org.apache.hadoop.yarn.server.resourcemanager.scheduler.capacity.CapacitySchedulerConfiguration: max alloc vcore per queue for root.default is undefined
2020-03-02 12:56:31,927 INFO org.apache.hadoop.yarn.server.resourcemanager.scheduler.capacity.LeafQueue: Initializing default
capacity = 1.0 [= (float) configuredCapacity / 100 ]
absoluteCapacity = 1.0 [= parentAbsoluteCapacity * capacity ]
maxCapacity = 1.0 [= configuredMaxCapacity ]
absoluteMaxCapacity = 1.0 [= 1.0 maximumCapacity undefined, (parentAbsoluteMaxCapacity * maximumCapacity) / 100 otherwise ]
effectiveMinResource=<memory:0, vCores:0>
 , effectiveMaxResource=<memory:0, vCores:0>
userLimit = 100 [= configuredUserLimit ]
userLimitFactor = 1.0 [= configuredUserLimitFactor ]
maxApplications = 10000 [= configuredMaximumSystemApplicationsPerQueue or (int)(configuredMaximumSystemApplications * absoluteCapacity)]
maxApplicationsPerUser = 10000 [= (int)(maxApplications * (userLimit / 100.0f) * userLimitFactor) ]
usedCapacity = 0.0 [= usedResourcesMemory / (clusterResourceMemory * absoluteCapacity)]
absoluteUsedCapacity = 0.0 [= usedResourcesMemory / clusterResourceMemory]
maxAMResourcePerQueuePercent = 0.1 [= configuredMaximumAMResourcePercent ]
minimumAllocationFactor = 0.875 [= (float)(maximumAllocationMemory - minimumAllocationMemory) / maximumAllocationMemory ]
maximumAllocation = <memory:8192, vCores:4> [= configuredMaxAllocation ]
numContainers = 0 [= currentNumContainers ]
state = RUNNING [= configuredState ]
acls = SUBMIT_APP:*ADMINISTER_QUEUE:* [= configuredAcls ]
nodeLocalityDelay = 40
rackLocalityAdditionalDelay = -1
labels=*,
reservationsContinueLooking = true
preemptionDisabled = true
defaultAppPriorityPerQueue = 0
priority = 0
maxLifetime = -1 seconds
defaultLifetime = -1 seconds
2020-03-02 12:56:31,930 INFO org.apache.hadoop.yarn.server.resourcemanager.scheduler.capacity.CapacitySchedulerQueueManager: Initialized queue: default: capacity=1.0, absoluteCapacity=1.0, usedResources=<memory:0, vCores:0>, usedCapacity=0.0, absoluteUsedCapacity=0.0, numApps=0, numContainers=0, effectiveMinResource=<memory:0, vCores:0> , effectiveMaxResource=<memory:0, vCores:0>
2020-03-02 12:56:31,930 INFO org.apache.hadoop.yarn.server.resourcemanager.scheduler.capacity.CapacitySchedulerQueueManager: Initialized queue: root: numChildQueue= 1, capacity=1.0, absoluteCapacity=1.0, usedResources=<memory:0, vCores:0>usedCapacity=0.0, numApps=0, numContainers=0
2020-03-02 12:56:31,933 INFO org.apache.hadoop.yarn.server.resourcemanager.scheduler.capacity.CapacitySchedulerQueueManager: Initialized root queue root: numChildQueue= 1, capacity=1.0, absoluteCapacity=1.0, usedResources=<memory:0, vCores:0>usedCapacity=0.0, numApps=0, numContainers=0
2020-03-02 12:56:31,933 INFO org.apache.hadoop.yarn.server.resourcemanager.placement.UserGroupMappingPlacementRule: Initialized queue mappings, override: false
2020-03-02 12:56:31,935 INFO org.apache.hadoop.yarn.server.resourcemanager.scheduler.placement.MultiNodeSortingManager: MultiNode scheduling is 'false', and configured policies are 
2020-03-02 12:56:31,940 INFO org.apache.hadoop.yarn.server.resourcemanager.scheduler.capacity.CapacityScheduler: Initialized CapacityScheduler with calculator=class org.apache.hadoop.yarn.util.resource.DefaultResourceCalculator, minimumAllocation=<<memory:1024, vCores:1>>, maximumAllocation=<<memory:8192, vCores:4>>, asynchronousScheduling=false, asyncScheduleInterval=5ms,multiNodePlacementEnabled=false
2020-03-02 12:56:31,950 INFO org.apache.hadoop.conf.Configuration: dynamic-resources.xml not found
2020-03-02 12:56:31,953 INFO org.apache.hadoop.yarn.server.resourcemanager.AMSProcessingChain: Initializing AMS Processing chain. Root Processor=[org.apache.hadoop.yarn.server.resourcemanager.DefaultAMSProcessor].
2020-03-02 12:56:31,953 INFO org.apache.hadoop.yarn.server.resourcemanager.ApplicationMasterService: disabled placement handler will be used, all scheduling requests will be rejected.
2020-03-02 12:56:31,958 INFO org.apache.hadoop.yarn.server.resourcemanager.AMSProcessingChain: Adding [org.apache.hadoop.yarn.server.resourcemanager.scheduler.constraint.processor.DisabledPlacementProcessor] tp top of AMS Processing chain. 
2020-03-02 12:56:31,987 INFO org.apache.hadoop.yarn.server.resourcemanager.ResourceManager: TimelineServicePublisher is not configured
2020-03-02 12:56:32,159 INFO org.eclipse.jetty.util.log: Logging initialized @1654ms
2020-03-02 12:56:32,380 INFO org.apache.hadoop.security.authentication.server.AuthenticationFilter: Unable to initialize FileSignerSecretProvider, falling back to use random secrets.
2020-03-02 12:56:32,387 INFO org.apache.hadoop.http.HttpRequestLog: Http request log for http.requests.resourcemanager is not defined
2020-03-02 12:56:32,400 INFO org.apache.hadoop.http.HttpServer2: Added global filter 'safety' (class=org.apache.hadoop.http.HttpServer2$QuotingInputFilter)
2020-03-02 12:56:32,407 INFO org.apache.hadoop.http.HttpServer2: Added filter RMAuthenticationFilter (class=org.apache.hadoop.yarn.server.security.http.RMAuthenticationFilter) to context cluster
2020-03-02 12:56:32,407 INFO org.apache.hadoop.http.HttpServer2: Added filter RMAuthenticationFilter (class=org.apache.hadoop.yarn.server.security.http.RMAuthenticationFilter) to context static
2020-03-02 12:56:32,407 INFO org.apache.hadoop.http.HttpServer2: Added filter RMAuthenticationFilter (class=org.apache.hadoop.yarn.server.security.http.RMAuthenticationFilter) to context logs
2020-03-02 12:56:32,408 INFO org.apache.hadoop.http.HttpServer2: Added filter static_user_filter (class=org.apache.hadoop.http.lib.StaticUserWebFilter$StaticUserFilter) to context cluster
2020-03-02 12:56:32,408 INFO org.apache.hadoop.http.HttpServer2: Added filter static_user_filter (class=org.apache.hadoop.http.lib.StaticUserWebFilter$StaticUserFilter) to context static
2020-03-02 12:56:32,408 INFO org.apache.hadoop.http.HttpServer2: Added filter static_user_filter (class=org.apache.hadoop.http.lib.StaticUserWebFilter$StaticUserFilter) to context logs
2020-03-02 12:56:32,411 INFO org.apache.hadoop.http.HttpServer2: adding path spec: /cluster/*
2020-03-02 12:56:32,412 INFO org.apache.hadoop.http.HttpServer2: adding path spec: /ws/*
2020-03-02 12:56:32,412 INFO org.apache.hadoop.http.HttpServer2: adding path spec: /app/*
2020-03-02 12:56:33,385 INFO org.apache.hadoop.yarn.webapp.WebApps: Registered webapp guice modules
2020-03-02 12:56:33,409 INFO org.apache.hadoop.http.HttpServer2: Jetty bound to port 8088
2020-03-02 12:56:33,410 INFO org.eclipse.jetty.server.Server: jetty-9.3.24.v20180605, build timestamp: 2018-06-06T01:11:56+08:00, git hash: 84205aa28f11a4f31f2a3b86d1bba2cc8ab69827
2020-03-02 12:56:33,468 INFO org.apache.hadoop.security.authentication.server.AuthenticationFilter: Unable to initialize FileSignerSecretProvider, falling back to use random secrets.
2020-03-02 12:56:33,478 INFO org.apache.hadoop.security.token.delegation.AbstractDelegationTokenSecretManager: Updating the current master key for generating delegation tokens
2020-03-02 12:56:33,480 INFO org.apache.hadoop.security.token.delegation.AbstractDelegationTokenSecretManager: Starting expired delegation token remover thread, tokenRemoverScanInterval=60 min(s)
2020-03-02 12:56:33,480 INFO org.apache.hadoop.security.token.delegation.AbstractDelegationTokenSecretManager: Updating the current master key for generating delegation tokens
2020-03-02 12:56:33,504 INFO org.eclipse.jetty.server.handler.ContextHandler: Started o.e.j.s.ServletContextHandler@6986852{/logs,file:///home/paradox/hadoop/logs/,AVAILABLE}
2020-03-02 12:56:33,505 INFO org.eclipse.jetty.server.handler.ContextHandler: Started o.e.j.s.ServletContextHandler@2b9ed6da{/static,jar:file:/home/paradox/hadoop/share/hadoop/yarn/hadoop-yarn-common-3.2.1.jar!/webapps/static,AVAILABLE}
2020-03-02 12:56:38,197 INFO org.eclipse.jetty.server.handler.ContextHandler: Started o.e.j.w.WebAppContext@6f89292e{/,file:///tmp/jetty-0.0.0.0-8088-cluster-_-any-7702782637254327685.dir/webapp/,AVAILABLE}{/cluster}
2020-03-02 12:56:38,224 INFO org.eclipse.jetty.server.AbstractConnector: Started ServerConnector@3bec2275{HTTP/1.1,[http/1.1]}{0.0.0.0:8088}
2020-03-02 12:56:38,224 INFO org.eclipse.jetty.server.Server: Started @7719ms
2020-03-02 12:56:38,224 INFO org.apache.hadoop.yarn.webapp.WebApps: Web app cluster started at 8088
2020-03-02 12:56:38,753 INFO org.apache.hadoop.ipc.CallQueueManager: Using callQueue: class java.util.concurrent.LinkedBlockingQueue, queueCapacity: 100, scheduler: class org.apache.hadoop.ipc.DefaultRpcScheduler, ipcBackoff: false.
2020-03-02 12:56:38,760 INFO org.apache.hadoop.ipc.Server: Starting Socket Reader #1 for port 8033
2020-03-02 12:56:38,865 INFO org.apache.hadoop.yarn.factories.impl.pb.RpcServerFactoryPBImpl: Adding protocol org.apache.hadoop.yarn.server.api.ResourceManagerAdministrationProtocolPB to the server
2020-03-02 12:56:38,865 INFO org.apache.hadoop.ipc.Server: IPC Server Responder: starting
2020-03-02 12:56:38,866 INFO org.apache.hadoop.ipc.Server: IPC Server listener on 8033: starting
2020-03-02 12:56:38,868 INFO org.apache.hadoop.yarn.server.resourcemanager.ResourceManager: Transitioning to active state
2020-03-02 12:56:38,882 INFO org.apache.hadoop.yarn.server.resourcemanager.recovery.RMStateStore: Updating AMRMToken
2020-03-02 12:56:38,882 INFO org.apache.hadoop.yarn.server.resourcemanager.security.RMContainerTokenSecretManager: Rolling master-key for container-tokens
2020-03-02 12:56:38,882 INFO org.apache.hadoop.yarn.server.resourcemanager.security.NMTokenSecretManagerInRM: Rolling master-key for nm-tokens
2020-03-02 12:56:38,883 INFO org.apache.hadoop.security.token.delegation.AbstractDelegationTokenSecretManager: Updating the current master key for generating delegation tokens
2020-03-02 12:56:38,883 INFO org.apache.hadoop.yarn.server.resourcemanager.security.RMDelegationTokenSecretManager: storing master key with keyID 1
2020-03-02 12:56:38,883 INFO org.apache.hadoop.yarn.server.resourcemanager.recovery.RMStateStore: Storing RMDTMasterKey.
2020-03-02 12:56:38,885 INFO org.apache.hadoop.security.token.delegation.AbstractDelegationTokenSecretManager: Starting expired delegation token remover thread, tokenRemoverScanInterval=60 min(s)
2020-03-02 12:56:38,885 INFO org.apache.hadoop.security.token.delegation.AbstractDelegationTokenSecretManager: Updating the current master key for generating delegation tokens
2020-03-02 12:56:38,885 INFO org.apache.hadoop.yarn.server.resourcemanager.security.RMDelegationTokenSecretManager: storing master key with keyID 2
2020-03-02 12:56:38,885 INFO org.apache.hadoop.yarn.server.resourcemanager.recovery.RMStateStore: Storing RMDTMasterKey.
2020-03-02 12:56:38,886 INFO org.apache.hadoop.yarn.event.AsyncDispatcher: Registering class org.apache.hadoop.yarn.nodelabels.event.NodeLabelsStoreEventType for class org.apache.hadoop.yarn.nodelabels.CommonNodeLabelsManager$ForwardingEventHandler
2020-03-02 12:56:38,978 INFO org.apache.hadoop.yarn.nodelabels.store.AbstractFSNodeStore: Created store directory :file:/tmp/hadoop-yarn-paradox/node-attribute
2020-03-02 12:56:38,989 INFO org.apache.hadoop.yarn.nodelabels.store.AbstractFSNodeStore: Finished write mirror at:file:/tmp/hadoop-yarn-paradox/node-attribute/nodeattribute.mirror
2020-03-02 12:56:38,990 INFO org.apache.hadoop.yarn.nodelabels.store.AbstractFSNodeStore: Finished create editlog file at:file:/tmp/hadoop-yarn-paradox/node-attribute/nodeattribute.editlog
2020-03-02 12:56:38,999 INFO org.apache.hadoop.yarn.event.AsyncDispatcher: Registering class org.apache.hadoop.yarn.server.resourcemanager.nodelabels.NodeAttributesStoreEventType for class org.apache.hadoop.yarn.server.resourcemanager.nodelabels.NodeAttributesManagerImpl$ForwardingEventHandler
2020-03-02 12:56:39,000 INFO org.apache.hadoop.yarn.server.resourcemanager.scheduler.placement.MultiNodeSortingManager: Starting NodeSortingService=MultiNodeSortingManager
2020-03-02 12:56:39,017 INFO org.apache.hadoop.ipc.CallQueueManager: Using callQueue: class java.util.concurrent.LinkedBlockingQueue, queueCapacity: 5000, scheduler: class org.apache.hadoop.ipc.DefaultRpcScheduler, ipcBackoff: false.
2020-03-02 12:56:39,019 INFO org.apache.hadoop.ipc.Server: Starting Socket Reader #1 for port 8031
2020-03-02 12:56:39,020 INFO org.apache.hadoop.yarn.factories.impl.pb.RpcServerFactoryPBImpl: Adding protocol org.apache.hadoop.yarn.server.api.ResourceTrackerPB to the server
2020-03-02 12:56:39,021 INFO org.apache.hadoop.ipc.Server: IPC Server Responder: starting
2020-03-02 12:56:39,021 INFO org.apache.hadoop.ipc.Server: IPC Server listener on 8031: starting
2020-03-02 12:56:39,036 INFO org.apache.hadoop.util.JvmPauseMonitor: Starting JVM pause monitor
2020-03-02 12:56:39,045 INFO org.apache.hadoop.ipc.CallQueueManager: Using callQueue: class java.util.concurrent.LinkedBlockingQueue, queueCapacity: 5000, scheduler: class org.apache.hadoop.ipc.DefaultRpcScheduler, ipcBackoff: false.
2020-03-02 12:56:39,050 INFO org.apache.hadoop.ipc.Server: Starting Socket Reader #1 for port 8030
2020-03-02 12:56:39,057 INFO org.apache.hadoop.yarn.factories.impl.pb.RpcServerFactoryPBImpl: Adding protocol org.apache.hadoop.yarn.api.ApplicationMasterProtocolPB to the server
2020-03-02 12:56:39,057 INFO org.apache.hadoop.ipc.Server: IPC Server Responder: starting
2020-03-02 12:56:39,057 INFO org.apache.hadoop.ipc.Server: IPC Server listener on 8030: starting
2020-03-02 12:56:39,664 INFO org.apache.hadoop.ipc.CallQueueManager: Using callQueue: class java.util.concurrent.LinkedBlockingQueue, queueCapacity: 5000, scheduler: class org.apache.hadoop.ipc.DefaultRpcScheduler, ipcBackoff: false.
2020-03-02 12:56:39,667 INFO org.apache.hadoop.ipc.Server: Starting Socket Reader #1 for port 8032
2020-03-02 12:56:39,674 INFO org.apache.hadoop.yarn.factories.impl.pb.RpcServerFactoryPBImpl: Adding protocol org.apache.hadoop.yarn.api.ApplicationClientProtocolPB to the server
2020-03-02 12:56:39,678 INFO org.apache.hadoop.ipc.Server: IPC Server Responder: starting
2020-03-02 12:56:39,693 INFO org.apache.hadoop.ipc.Server: IPC Server listener on 8032: starting
2020-03-02 12:56:39,810 INFO org.apache.hadoop.yarn.server.resourcemanager.ResourceManager: Transitioned to active state
2020-03-02 12:56:43,661 INFO org.apache.hadoop.yarn.server.resourcemanager.ResourceTrackerService: NodeManager from node ubuntu(cmPort: 44859 httpPort: 8042) registered with capability: <memory:8192, vCores:8>, assigned nodeId ubuntu:44859
2020-03-02 12:56:43,669 INFO org.apache.hadoop.yarn.server.resourcemanager.rmnode.RMNodeImpl: ubuntu:44859 Node Transitioned from NEW to RUNNING
2020-03-02 12:56:43,693 INFO org.apache.hadoop.yarn.server.resourcemanager.scheduler.capacity.CapacityScheduler: Added node ubuntu:44859 clusterResource: <memory:8192, vCores:8>
2020-03-02 12:57:23,217 INFO org.apache.hadoop.yarn.server.resourcemanager.ResourceTrackerService: Node with node id : ubuntu:44859 has shutdown, hence unregistering the node.
2020-03-02 12:57:23,219 INFO org.apache.hadoop.yarn.server.resourcemanager.rmnode.RMNodeImpl: Deactivating Node ubuntu:44859 as it is now SHUTDOWN
2020-03-02 12:57:23,219 INFO org.apache.hadoop.yarn.server.resourcemanager.rmnode.RMNodeImpl: ubuntu:44859 Node Transitioned from RUNNING to SHUTDOWN
2020-03-02 12:57:23,221 INFO org.apache.hadoop.yarn.server.resourcemanager.scheduler.capacity.CapacityScheduler: Removed node ubuntu:44859 clusterResource: <memory:0, vCores:0>
2020-03-02 12:57:24,880 ERROR org.apache.hadoop.yarn.server.resourcemanager.ResourceManager: RECEIVED SIGNAL 15: SIGTERM
2020-03-02 12:57:24,885 ERROR org.apache.hadoop.security.token.delegation.AbstractDelegationTokenSecretManager: ExpiredTokenRemover received java.lang.InterruptedException: sleep interrupted
2020-03-02 12:57:24,887 INFO org.eclipse.jetty.server.handler.ContextHandler: Stopped o.e.j.w.WebAppContext@6f89292e{/,null,UNAVAILABLE}{/cluster}
2020-03-02 12:57:24,892 INFO org.eclipse.jetty.server.AbstractConnector: Stopped ServerConnector@3bec2275{HTTP/1.1,[http/1.1]}{0.0.0.0:8088}
2020-03-02 12:57:24,892 INFO org.eclipse.jetty.server.handler.ContextHandler: Stopped o.e.j.s.ServletContextHandler@2b9ed6da{/static,jar:file:/home/paradox/hadoop/share/hadoop/yarn/hadoop-yarn-common-3.2.1.jar!/webapps/static,UNAVAILABLE}
2020-03-02 12:57:24,892 INFO org.eclipse.jetty.server.handler.ContextHandler: Stopped o.e.j.s.ServletContextHandler@6986852{/logs,file:///home/paradox/hadoop/logs/,UNAVAILABLE}
2020-03-02 12:57:24,894 INFO org.apache.hadoop.ipc.Server: Stopping server on 8032
2020-03-02 12:57:24,909 INFO org.apache.hadoop.ipc.Server: Stopping IPC Server listener on 8032
2020-03-02 12:57:24,911 INFO org.apache.hadoop.ipc.Server: Stopping server on 8033
2020-03-02 12:57:24,910 INFO org.apache.hadoop.ipc.Server: Stopping IPC Server Responder
2020-03-02 12:57:24,914 INFO org.apache.hadoop.ipc.Server: Stopping IPC Server listener on 8033
2020-03-02 12:57:24,915 INFO org.apache.hadoop.ipc.Server: Stopping IPC Server Responder
2020-03-02 12:57:24,916 INFO org.apache.hadoop.yarn.server.resourcemanager.ResourceManager: Transitioning to standby state
2020-03-02 12:57:24,917 WARN org.apache.hadoop.yarn.server.resourcemanager.amlauncher.ApplicationMasterLauncher: org.apache.hadoop.yarn.server.resourcemanager.amlauncher.ApplicationMasterLauncher$LauncherThread interrupted. Returning.
2020-03-02 12:57:24,917 INFO org.apache.hadoop.ipc.Server: Stopping server on 8030
2020-03-02 12:57:24,923 INFO org.apache.hadoop.ipc.Server: Stopping IPC Server listener on 8030
2020-03-02 12:57:24,926 INFO org.apache.hadoop.ipc.Server: Stopping IPC Server Responder
2020-03-02 12:57:24,930 INFO org.apache.hadoop.ipc.Server: Stopping server on 8031
2020-03-02 12:57:24,936 INFO org.apache.hadoop.ipc.Server: Stopping IPC Server listener on 8031
2020-03-02 12:57:24,938 INFO org.apache.hadoop.ipc.Server: Stopping IPC Server Responder
2020-03-02 12:57:24,941 INFO org.apache.hadoop.yarn.util.AbstractLivelinessMonitor: NMLivelinessMonitor thread interrupted
2020-03-02 12:57:24,941 ERROR org.apache.hadoop.yarn.event.EventDispatcher: Returning, interrupted : java.lang.InterruptedException
2020-03-02 12:57:24,942 INFO org.apache.hadoop.yarn.server.resourcemanager.scheduler.activities.ActivitiesManager: org.apache.hadoop.yarn.server.resourcemanager.scheduler.activities.ActivitiesManager thread interrupted
2020-03-02 12:57:24,944 INFO org.apache.hadoop.yarn.event.AsyncDispatcher: AsyncDispatcher is draining to stop, ignoring any new events.
2020-03-02 12:57:24,945 INFO org.apache.hadoop.yarn.event.AsyncDispatcher: AsyncDispatcher is draining to stop, ignoring any new events.
2020-03-02 12:57:24,946 INFO org.apache.hadoop.yarn.util.AbstractLivelinessMonitor: org.apache.hadoop.yarn.server.resourcemanager.rmcontainer.ContainerAllocationExpirer thread interrupted
2020-03-02 12:57:24,946 INFO org.apache.hadoop.yarn.util.AbstractLivelinessMonitor: AMLivelinessMonitor thread interrupted
2020-03-02 12:57:24,946 ERROR org.apache.hadoop.security.token.delegation.AbstractDelegationTokenSecretManager: ExpiredTokenRemover received java.lang.InterruptedException: sleep interrupted
2020-03-02 12:57:24,946 INFO org.apache.hadoop.yarn.util.AbstractLivelinessMonitor: org.apache.hadoop.yarn.server.resourcemanager.rmapp.monitor.RMAppLifetimeMonitor thread interrupted
2020-03-02 12:57:24,946 INFO org.apache.hadoop.yarn.util.AbstractLivelinessMonitor: AMLivelinessMonitor thread interrupted
2020-03-02 12:57:24,948 INFO org.apache.hadoop.metrics2.impl.MetricsSystemImpl: Stopping ResourceManager metrics system...
2020-03-02 12:57:24,950 INFO org.apache.hadoop.metrics2.impl.MetricsSystemImpl: ResourceManager metrics system stopped.
2020-03-02 12:57:24,950 INFO org.apache.hadoop.metrics2.impl.MetricsSystemImpl: ResourceManager metrics system shutdown complete.
2020-03-02 12:57:24,950 INFO org.apache.hadoop.yarn.event.AsyncDispatcher: AsyncDispatcher is draining to stop, ignoring any new events.
2020-03-02 12:57:24,951 INFO org.apache.hadoop.yarn.server.resourcemanager.ResourceManager: Transitioned to standby state
2020-03-02 12:57:24,951 INFO org.apache.hadoop.yarn.server.resourcemanager.ResourceManager: SHUTDOWN_MSG: 
/************************************************************
SHUTDOWN_MSG: Shutting down ResourceManager at ubuntu/127.0.1.1
************************************************************/
2020-03-02 12:58:17,460 INFO org.apache.hadoop.yarn.server.resourcemanager.ResourceManager: STARTUP_MSG: 
/************************************************************
STARTUP_MSG: Starting ResourceManager
STARTUP_MSG:   host = ubuntu/127.0.1.1
STARTUP_MSG:   args = []
STARTUP_MSG:   version = 3.2.1
STARTUP_MSG:   classpath = /home/paradox/hadoop/etc/hadoop:/home/paradox/hadoop/share/hadoop/common/lib/hadoop-annotations-3.2.1.jar:/home/paradox/hadoop/share/hadoop/common/lib/jsp-api-2.1.jar:/home/paradox/hadoop/share/hadoop/common/lib/kerb-server-1.0.1.jar:/home/paradox/hadoop/share/hadoop/common/lib/jackson-core-asl-1.9.13.jar:/home/paradox/hadoop/share/hadoop/common/lib/commons-collections-3.2.2.jar:/home/paradox/hadoop/share/hadoop/common/lib/jackson-databind-2.9.8.jar:/home/paradox/hadoop/share/hadoop/common/lib/avro-1.7.7.jar:/home/paradox/hadoop/share/hadoop/common/lib/kerb-simplekdc-1.0.1.jar:/home/paradox/hadoop/share/hadoop/common/lib/htrace-core4-4.1.0-incubating.jar:/home/paradox/hadoop/share/hadoop/common/lib/jersey-core-1.19.jar:/home/paradox/hadoop/share/hadoop/common/lib/commons-math3-3.1.1.jar:/home/paradox/hadoop/share/hadoop/common/lib/commons-configuration2-2.1.1.jar:/home/paradox/hadoop/share/hadoop/common/lib/gson-2.2.4.jar:/home/paradox/hadoop/share/hadoop/common/lib/jsch-0.1.54.jar:/home/paradox/hadoop/share/hadoop/common/lib/listenablefuture-9999.0-empty-to-avoid-conflict-with-guava.jar:/home/paradox/hadoop/share/hadoop/common/lib/kerb-identity-1.0.1.jar:/home/paradox/hadoop/share/hadoop/common/lib/accessors-smart-1.2.jar:/home/paradox/hadoop/share/hadoop/common/lib/commons-cli-1.2.jar:/home/paradox/hadoop/share/hadoop/common/lib/jackson-jaxrs-1.9.13.jar:/home/paradox/hadoop/share/hadoop/common/lib/re2j-1.1.jar:/home/paradox/hadoop/share/hadoop/common/lib/hadoop-auth-3.2.1.jar:/home/paradox/hadoop/share/hadoop/common/lib/kerb-crypto-1.0.1.jar:/home/paradox/hadoop/share/hadoop/common/lib/jettison-1.1.jar:/home/paradox/hadoop/share/hadoop/common/lib/jaxb-api-2.2.11.jar:/home/paradox/hadoop/share/hadoop/common/lib/httpcore-4.4.10.jar:/home/paradox/hadoop/share/hadoop/common/lib/kerby-config-1.0.1.jar:/home/paradox/hadoop/share/hadoop/common/lib/kerb-client-1.0.1.jar:/home/paradox/hadoop/share/hadoop/common/lib/commons-codec-1.11.jar:/home/paradox/hadoop/share/hadoop/common/lib/jetty-servlet-9.3.24.v20180605.jar:/home/paradox/hadoop/share/hadoop/common/lib/jetty-webapp-9.3.24.v20180605.jar:/home/paradox/hadoop/share/hadoop/common/lib/checker-qual-2.5.2.jar:/home/paradox/hadoop/share/hadoop/common/lib/log4j-1.2.17.jar:/home/paradox/hadoop/share/hadoop/common/lib/jsr305-3.0.0.jar:/home/paradox/hadoop/share/hadoop/common/lib/token-provider-1.0.1.jar:/home/paradox/hadoop/share/hadoop/common/lib/kerby-util-1.0.1.jar:/home/paradox/hadoop/share/hadoop/common/lib/nimbus-jose-jwt-4.41.1.jar:/home/paradox/hadoop/share/hadoop/common/lib/jsr311-api-1.1.1.jar:/home/paradox/hadoop/share/hadoop/common/lib/jackson-core-2.9.8.jar:/home/paradox/hadoop/share/hadoop/common/lib/jetty-util-9.3.24.v20180605.jar:/home/paradox/hadoop/share/hadoop/common/lib/jackson-xc-1.9.13.jar:/home/paradox/hadoop/share/hadoop/common/lib/protobuf-java-2.5.0.jar:/home/paradox/hadoop/share/hadoop/common/lib/slf4j-log4j12-1.7.25.jar:/home/paradox/hadoop/share/hadoop/common/lib/jetty-io-9.3.24.v20180605.jar:/home/paradox/hadoop/share/hadoop/common/lib/jcip-annotations-1.0-1.jar:/home/paradox/hadoop/share/hadoop/common/lib/commons-compress-1.18.jar:/home/paradox/hadoop/share/hadoop/common/lib/curator-recipes-2.13.0.jar:/home/paradox/hadoop/share/hadoop/common/lib/httpclient-4.5.6.jar:/home/paradox/hadoop/share/hadoop/common/lib/metrics-core-3.2.4.jar:/home/paradox/hadoop/share/hadoop/common/lib/error_prone_annotations-2.2.0.jar:/home/paradox/hadoop/share/hadoop/common/lib/jackson-annotations-2.9.8.jar:/home/paradox/hadoop/share/hadoop/common/lib/jetty-xml-9.3.24.v20180605.jar:/home/paradox/hadoop/share/hadoop/common/lib/animal-sniffer-annotations-1.17.jar:/home/paradox/hadoop/share/hadoop/common/lib/zookeeper-3.4.13.jar:/home/paradox/hadoop/share/hadoop/common/lib/jetty-server-9.3.24.v20180605.jar:/home/paradox/hadoop/share/hadoop/common/lib/jersey-servlet-1.19.jar:/home/paradox/hadoop/share/hadoop/common/lib/commons-lang3-3.7.jar:/home/paradox/hadoop/share/hadoop/common/lib/kerb-common-1.0.1.jar:/home/paradox/hadoop/share/hadoop/common/lib/kerb-admin-1.0.1.jar:/home/paradox/hadoop/share/hadoop/common/lib/commons-net-3.6.jar:/home/paradox/hadoop/share/hadoop/common/lib/woodstox-core-5.0.3.jar:/home/paradox/hadoop/share/hadoop/common/lib/jackson-mapper-asl-1.9.13.jar:/home/paradox/hadoop/share/hadoop/common/lib/kerb-core-1.0.1.jar:/home/paradox/hadoop/share/hadoop/common/lib/json-smart-2.3.jar:/home/paradox/hadoop/share/hadoop/common/lib/commons-io-2.5.jar:/home/paradox/hadoop/share/hadoop/common/lib/failureaccess-1.0.jar:/home/paradox/hadoop/share/hadoop/common/lib/snappy-java-1.0.5.jar:/home/paradox/hadoop/share/hadoop/common/lib/kerby-pkix-1.0.1.jar:/home/paradox/hadoop/share/hadoop/common/lib/kerby-xdr-1.0.1.jar:/home/paradox/hadoop/share/hadoop/common/lib/asm-5.0.4.jar:/home/paradox/hadoop/share/hadoop/common/lib/curator-client-2.13.0.jar:/home/paradox/hadoop/share/hadoop/common/lib/jetty-http-9.3.24.v20180605.jar:/home/paradox/hadoop/share/hadoop/common/lib/commons-logging-1.1.3.jar:/home/paradox/hadoop/share/hadoop/common/lib/jul-to-slf4j-1.7.25.jar:/home/paradox/hadoop/share/hadoop/common/lib/netty-3.10.5.Final.jar:/home/paradox/hadoop/share/hadoop/common/lib/audience-annotations-0.5.0.jar:/home/paradox/hadoop/share/hadoop/common/lib/jersey-server-1.19.jar:/home/paradox/hadoop/share/hadoop/common/lib/commons-beanutils-1.9.3.jar:/home/paradox/hadoop/share/hadoop/common/lib/jetty-security-9.3.24.v20180605.jar:/home/paradox/hadoop/share/hadoop/common/lib/slf4j-api-1.7.25.jar:/home/paradox/hadoop/share/hadoop/common/lib/commons-text-1.4.jar:/home/paradox/hadoop/share/hadoop/common/lib/kerby-asn1-1.0.1.jar:/home/paradox/hadoop/share/hadoop/common/lib/guava-27.0-jre.jar:/home/paradox/hadoop/share/hadoop/common/lib/dnsjava-2.1.7.jar:/home/paradox/hadoop/share/hadoop/common/lib/jersey-json-1.19.jar:/home/paradox/hadoop/share/hadoop/common/lib/javax.servlet-api-3.1.0.jar:/home/paradox/hadoop/share/hadoop/common/lib/curator-framework-2.13.0.jar:/home/paradox/hadoop/share/hadoop/common/lib/kerb-util-1.0.1.jar:/home/paradox/hadoop/share/hadoop/common/lib/j2objc-annotations-1.1.jar:/home/paradox/hadoop/share/hadoop/common/lib/jaxb-impl-2.2.3-1.jar:/home/paradox/hadoop/share/hadoop/common/lib/stax2-api-3.1.4.jar:/home/paradox/hadoop/share/hadoop/common/lib/paranamer-2.3.jar:/home/paradox/hadoop/share/hadoop/common/hadoop-nfs-3.2.1.jar:/home/paradox/hadoop/share/hadoop/common/hadoop-common-3.2.1.jar:/home/paradox/hadoop/share/hadoop/common/hadoop-common-3.2.1-tests.jar:/home/paradox/hadoop/share/hadoop/common/hadoop-kms-3.2.1.jar:/home/paradox/hadoop/share/hadoop/hdfs:/home/paradox/hadoop/share/hadoop/hdfs/lib/hadoop-annotations-3.2.1.jar:/home/paradox/hadoop/share/hadoop/hdfs/lib/kerb-server-1.0.1.jar:/home/paradox/hadoop/share/hadoop/hdfs/lib/jackson-core-asl-1.9.13.jar:/home/paradox/hadoop/share/hadoop/hdfs/lib/commons-collections-3.2.2.jar:/home/paradox/hadoop/share/hadoop/hdfs/lib/jackson-databind-2.9.8.jar:/home/paradox/hadoop/share/hadoop/hdfs/lib/avro-1.7.7.jar:/home/paradox/hadoop/share/hadoop/hdfs/lib/kerb-simplekdc-1.0.1.jar:/home/paradox/hadoop/share/hadoop/hdfs/lib/htrace-core4-4.1.0-incubating.jar:/home/paradox/hadoop/share/hadoop/hdfs/lib/jersey-core-1.19.jar:/home/paradox/hadoop/share/hadoop/hdfs/lib/commons-math3-3.1.1.jar:/home/paradox/hadoop/share/hadoop/hdfs/lib/json-simple-1.1.1.jar:/home/paradox/hadoop/share/hadoop/hdfs/lib/commons-configuration2-2.1.1.jar:/home/paradox/hadoop/share/hadoop/hdfs/lib/gson-2.2.4.jar:/home/paradox/hadoop/share/hadoop/hdfs/lib/jsch-0.1.54.jar:/home/paradox/hadoop/share/hadoop/hdfs/lib/listenablefuture-9999.0-empty-to-avoid-conflict-with-guava.jar:/home/paradox/hadoop/share/hadoop/hdfs/lib/kerb-identity-1.0.1.jar:/home/paradox/hadoop/share/hadoop/hdfs/lib/accessors-smart-1.2.jar:/home/paradox/hadoop/share/hadoop/hdfs/lib/commons-cli-1.2.jar:/home/paradox/hadoop/share/hadoop/hdfs/lib/jackson-jaxrs-1.9.13.jar:/home/paradox/hadoop/share/hadoop/hdfs/lib/re2j-1.1.jar:/home/paradox/hadoop/share/hadoop/hdfs/lib/hadoop-auth-3.2.1.jar:/home/paradox/hadoop/share/hadoop/hdfs/lib/kerb-crypto-1.0.1.jar:/home/paradox/hadoop/share/hadoop/hdfs/lib/leveldbjni-all-1.8.jar:/home/paradox/hadoop/share/hadoop/hdfs/lib/jettison-1.1.jar:/home/paradox/hadoop/share/hadoop/hdfs/lib/jaxb-api-2.2.11.jar:/home/paradox/hadoop/share/hadoop/hdfs/lib/httpcore-4.4.10.jar:/home/paradox/hadoop/share/hadoop/hdfs/lib/kerby-config-1.0.1.jar:/home/paradox/hadoop/share/hadoop/hdfs/lib/kerb-client-1.0.1.jar:/home/paradox/hadoop/share/hadoop/hdfs/lib/commons-codec-1.11.jar:/home/paradox/hadoop/share/hadoop/hdfs/lib/jetty-servlet-9.3.24.v20180605.jar:/home/paradox/hadoop/share/hadoop/hdfs/lib/jetty-webapp-9.3.24.v20180605.jar:/home/paradox/hadoop/share/hadoop/hdfs/lib/checker-qual-2.5.2.jar:/home/paradox/hadoop/share/hadoop/hdfs/lib/log4j-1.2.17.jar:/home/paradox/hadoop/share/hadoop/hdfs/lib/jsr305-3.0.0.jar:/home/paradox/hadoop/share/hadoop/hdfs/lib/token-provider-1.0.1.jar:/home/paradox/hadoop/share/hadoop/hdfs/lib/kerby-util-1.0.1.jar:/home/paradox/hadoop/share/hadoop/hdfs/lib/nimbus-jose-jwt-4.41.1.jar:/home/paradox/hadoop/share/hadoop/hdfs/lib/jsr311-api-1.1.1.jar:/home/paradox/hadoop/share/hadoop/hdfs/lib/jackson-core-2.9.8.jar:/home/paradox/hadoop/share/hadoop/hdfs/lib/jetty-util-9.3.24.v20180605.jar:/home/paradox/hadoop/share/hadoop/hdfs/lib/jackson-xc-1.9.13.jar:/home/paradox/hadoop/share/hadoop/hdfs/lib/protobuf-java-2.5.0.jar:/home/paradox/hadoop/share/hadoop/hdfs/lib/okhttp-2.7.5.jar:/home/paradox/hadoop/share/hadoop/hdfs/lib/jetty-io-9.3.24.v20180605.jar:/home/paradox/hadoop/share/hadoop/hdfs/lib/jcip-annotations-1.0-1.jar:/home/paradox/hadoop/share/hadoop/hdfs/lib/jetty-util-ajax-9.3.24.v20180605.jar:/home/paradox/hadoop/share/hadoop/hdfs/lib/commons-compress-1.18.jar:/home/paradox/hadoop/share/hadoop/hdfs/lib/curator-recipes-2.13.0.jar:/home/paradox/hadoop/share/hadoop/hdfs/lib/httpclient-4.5.6.jar:/home/paradox/hadoop/share/hadoop/hdfs/lib/error_prone_annotations-2.2.0.jar:/home/paradox/hadoop/share/hadoop/hdfs/lib/okio-1.6.0.jar:/home/paradox/hadoop/share/hadoop/hdfs/lib/jackson-annotations-2.9.8.jar:/home/paradox/hadoop/share/hadoop/hdfs/lib/jetty-xml-9.3.24.v20180605.jar:/home/paradox/hadoop/share/hadoop/hdfs/lib/animal-sniffer-annotations-1.17.jar:/home/paradox/hadoop/share/hadoop/hdfs/lib/zookeeper-3.4.13.jar:/home/paradox/hadoop/share/hadoop/hdfs/lib/jetty-server-9.3.24.v20180605.jar:/home/paradox/hadoop/share/hadoop/hdfs/lib/netty-all-4.0.52.Final.jar:/home/paradox/hadoop/share/hadoop/hdfs/lib/jersey-servlet-1.19.jar:/home/paradox/hadoop/share/hadoop/hdfs/lib/commons-lang3-3.7.jar:/home/paradox/hadoop/share/hadoop/hdfs/lib/kerb-common-1.0.1.jar:/home/paradox/hadoop/share/hadoop/hdfs/lib/kerb-admin-1.0.1.jar:/home/paradox/hadoop/share/hadoop/hdfs/lib/commons-net-3.6.jar:/home/paradox/hadoop/share/hadoop/hdfs/lib/woodstox-core-5.0.3.jar:/home/paradox/hadoop/share/hadoop/hdfs/lib/jackson-mapper-asl-1.9.13.jar:/home/paradox/hadoop/share/hadoop/hdfs/lib/kerb-core-1.0.1.jar:/home/paradox/hadoop/share/hadoop/hdfs/lib/json-smart-2.3.jar:/home/paradox/hadoop/share/hadoop/hdfs/lib/commons-io-2.5.jar:/home/paradox/hadoop/share/hadoop/hdfs/lib/failureaccess-1.0.jar:/home/paradox/hadoop/share/hadoop/hdfs/lib/snappy-java-1.0.5.jar:/home/paradox/hadoop/share/hadoop/hdfs/lib/kerby-pkix-1.0.1.jar:/home/paradox/hadoop/share/hadoop/hdfs/lib/kerby-xdr-1.0.1.jar:/home/paradox/hadoop/share/hadoop/hdfs/lib/asm-5.0.4.jar:/home/paradox/hadoop/share/hadoop/hdfs/lib/curator-client-2.13.0.jar:/home/paradox/hadoop/share/hadoop/hdfs/lib/jetty-http-9.3.24.v20180605.jar:/home/paradox/hadoop/share/hadoop/hdfs/lib/commons-logging-1.1.3.jar:/home/paradox/hadoop/share/hadoop/hdfs/lib/commons-daemon-1.0.13.jar:/home/paradox/hadoop/share/hadoop/hdfs/lib/netty-3.10.5.Final.jar:/home/paradox/hadoop/share/hadoop/hdfs/lib/audience-annotations-0.5.0.jar:/home/paradox/hadoop/share/hadoop/hdfs/lib/jersey-server-1.19.jar:/home/paradox/hadoop/share/hadoop/hdfs/lib/commons-beanutils-1.9.3.jar:/home/paradox/hadoop/share/hadoop/hdfs/lib/jetty-security-9.3.24.v20180605.jar:/home/paradox/hadoop/share/hadoop/hdfs/lib/commons-text-1.4.jar:/home/paradox/hadoop/share/hadoop/hdfs/lib/kerby-asn1-1.0.1.jar:/home/paradox/hadoop/share/hadoop/hdfs/lib/guava-27.0-jre.jar:/home/paradox/hadoop/share/hadoop/hdfs/lib/dnsjava-2.1.7.jar:/home/paradox/hadoop/share/hadoop/hdfs/lib/jersey-json-1.19.jar:/home/paradox/hadoop/share/hadoop/hdfs/lib/javax.servlet-api-3.1.0.jar:/home/paradox/hadoop/share/hadoop/hdfs/lib/curator-framework-2.13.0.jar:/home/paradox/hadoop/share/hadoop/hdfs/lib/kerb-util-1.0.1.jar:/home/paradox/hadoop/share/hadoop/hdfs/lib/j2objc-annotations-1.1.jar:/home/paradox/hadoop/share/hadoop/hdfs/lib/jaxb-impl-2.2.3-1.jar:/home/paradox/hadoop/share/hadoop/hdfs/lib/stax2-api-3.1.4.jar:/home/paradox/hadoop/share/hadoop/hdfs/lib/paranamer-2.3.jar:/home/paradox/hadoop/share/hadoop/hdfs/hadoop-hdfs-nfs-3.2.1.jar:/home/paradox/hadoop/share/hadoop/hdfs/hadoop-hdfs-3.2.1-tests.jar:/home/paradox/hadoop/share/hadoop/hdfs/hadoop-hdfs-3.2.1.jar:/home/paradox/hadoop/share/hadoop/hdfs/hadoop-hdfs-httpfs-3.2.1.jar:/home/paradox/hadoop/share/hadoop/hdfs/hadoop-hdfs-rbf-3.2.1-tests.jar:/home/paradox/hadoop/share/hadoop/hdfs/hadoop-hdfs-client-3.2.1-tests.jar:/home/paradox/hadoop/share/hadoop/hdfs/hadoop-hdfs-client-3.2.1.jar:/home/paradox/hadoop/share/hadoop/hdfs/hadoop-hdfs-native-client-3.2.1-tests.jar:/home/paradox/hadoop/share/hadoop/hdfs/hadoop-hdfs-native-client-3.2.1.jar:/home/paradox/hadoop/share/hadoop/hdfs/hadoop-hdfs-rbf-3.2.1.jar:/home/paradox/hadoop/share/hadoop/mapreduce/lib/junit-4.11.jar:/home/paradox/hadoop/share/hadoop/mapreduce/lib/hamcrest-core-1.3.jar:/home/paradox/hadoop/share/hadoop/mapreduce/hadoop-mapreduce-client-hs-3.2.1.jar:/home/paradox/hadoop/share/hadoop/mapreduce/hadoop-mapreduce-client-shuffle-3.2.1.jar:/home/paradox/hadoop/share/hadoop/mapreduce/hadoop-mapreduce-examples-3.2.1.jar:/home/paradox/hadoop/share/hadoop/mapreduce/hadoop-mapreduce-client-core-3.2.1.jar:/home/paradox/hadoop/share/hadoop/mapreduce/hadoop-mapreduce-client-jobclient-3.2.1.jar:/home/paradox/hadoop/share/hadoop/mapreduce/hadoop-mapreduce-client-app-3.2.1.jar:/home/paradox/hadoop/share/hadoop/mapreduce/hadoop-mapreduce-client-jobclient-3.2.1-tests.jar:/home/paradox/hadoop/share/hadoop/mapreduce/hadoop-mapreduce-client-hs-plugins-3.2.1.jar:/home/paradox/hadoop/share/hadoop/mapreduce/hadoop-mapreduce-client-uploader-3.2.1.jar:/home/paradox/hadoop/share/hadoop/mapreduce/hadoop-mapreduce-client-nativetask-3.2.1.jar:/home/paradox/hadoop/share/hadoop/mapreduce/hadoop-mapreduce-client-common-3.2.1.jar:/home/paradox/hadoop/share/hadoop/yarn:/home/paradox/hadoop/share/hadoop/yarn/lib/guice-4.0.jar:/home/paradox/hadoop/share/hadoop/yarn/lib/fst-2.50.jar:/home/paradox/hadoop/share/hadoop/yarn/lib/java-util-1.9.0.jar:/home/paradox/hadoop/share/hadoop/yarn/lib/jackson-module-jaxb-annotations-2.9.8.jar:/home/paradox/hadoop/share/hadoop/yarn/lib/jackson-jaxrs-base-2.9.8.jar:/home/paradox/hadoop/share/hadoop/yarn/lib/jackson-jaxrs-json-provider-2.9.8.jar:/home/paradox/hadoop/share/hadoop/yarn/lib/ehcache-3.3.1.jar:/home/paradox/hadoop/share/hadoop/yarn/lib/aopalliance-1.0.jar:/home/paradox/hadoop/share/hadoop/yarn/lib/javax.inject-1.jar:/home/paradox/hadoop/share/hadoop/yarn/lib/jersey-guice-1.19.jar:/home/paradox/hadoop/share/hadoop/yarn/lib/metrics-core-3.2.4.jar:/home/paradox/hadoop/share/hadoop/yarn/lib/HikariCP-java7-2.4.12.jar:/home/paradox/hadoop/share/hadoop/yarn/lib/objenesis-1.0.jar:/home/paradox/hadoop/share/hadoop/yarn/lib/json-io-2.5.1.jar:/home/paradox/hadoop/share/hadoop/yarn/lib/swagger-annotations-1.5.4.jar:/home/paradox/hadoop/share/hadoop/yarn/lib/geronimo-jcache_1.0_spec-1.0-alpha-1.jar:/home/paradox/hadoop/share/hadoop/yarn/lib/mssql-jdbc-6.2.1.jre7.jar:/home/paradox/hadoop/share/hadoop/yarn/lib/guice-servlet-4.0.jar:/home/paradox/hadoop/share/hadoop/yarn/lib/bcprov-jdk15on-1.60.jar:/home/paradox/hadoop/share/hadoop/yarn/lib/snakeyaml-1.16.jar:/home/paradox/hadoop/share/hadoop/yarn/lib/jersey-client-1.19.jar:/home/paradox/hadoop/share/hadoop/yarn/lib/bcpkix-jdk15on-1.60.jar:/home/paradox/hadoop/share/hadoop/yarn/hadoop-yarn-client-3.2.1.jar:/home/paradox/hadoop/share/hadoop/yarn/hadoop-yarn-applications-distributedshell-3.2.1.jar:/home/paradox/hadoop/share/hadoop/yarn/hadoop-yarn-server-tests-3.2.1.jar:/home/paradox/hadoop/share/hadoop/yarn/hadoop-yarn-api-3.2.1.jar:/home/paradox/hadoop/share/hadoop/yarn/hadoop-yarn-server-router-3.2.1.jar:/home/paradox/hadoop/share/hadoop/yarn/hadoop-yarn-server-common-3.2.1.jar:/home/paradox/hadoop/share/hadoop/yarn/hadoop-yarn-server-nodemanager-3.2.1.jar:/home/paradox/hadoop/share/hadoop/yarn/hadoop-yarn-server-resourcemanager-3.2.1.jar:/home/paradox/hadoop/share/hadoop/yarn/hadoop-yarn-common-3.2.1.jar:/home/paradox/hadoop/share/hadoop/yarn/hadoop-yarn-server-web-proxy-3.2.1.jar:/home/paradox/hadoop/share/hadoop/yarn/hadoop-yarn-server-sharedcachemanager-3.2.1.jar:/home/paradox/hadoop/share/hadoop/yarn/hadoop-yarn-server-applicationhistoryservice-3.2.1.jar:/home/paradox/hadoop/share/hadoop/yarn/hadoop-yarn-services-core-3.2.1.jar:/home/paradox/hadoop/share/hadoop/yarn/hadoop-yarn-server-timeline-pluginstorage-3.2.1.jar:/home/paradox/hadoop/share/hadoop/yarn/hadoop-yarn-submarine-3.2.1.jar:/home/paradox/hadoop/share/hadoop/yarn/hadoop-yarn-applications-unmanaged-am-launcher-3.2.1.jar:/home/paradox/hadoop/share/hadoop/yarn/hadoop-yarn-services-api-3.2.1.jar:/home/paradox/hadoop/share/hadoop/yarn/hadoop-yarn-registry-3.2.1.jar:/home/paradox/hadoop/share/hadoop/yarn/timelineservice/hadoop-yarn-server-timelineservice-hbase-coprocessor-3.2.1.jar:/home/paradox/hadoop/share/hadoop/yarn/timelineservice/hadoop-yarn-server-timelineservice-3.2.1.jar:/home/paradox/hadoop/share/hadoop/yarn/timelineservice/hadoop-yarn-server-timelineservice-hbase-client-3.2.1.jar:/home/paradox/hadoop/share/hadoop/yarn/timelineservice/hadoop-yarn-server-timelineservice-hbase-common-3.2.1.jar:/home/paradox/hadoop/share/hadoop/yarn/timelineservice/lib/commons-csv-1.0.jar:/home/paradox/hadoop/share/hadoop/yarn/timelineservice/lib/commons-lang-2.6.jar:/home/paradox/hadoop/share/hadoop/yarn/timelineservice/lib/jcodings-1.0.13.jar:/home/paradox/hadoop/share/hadoop/yarn/timelineservice/lib/hbase-client-1.2.6.jar:/home/paradox/hadoop/share/hadoop/yarn/timelineservice/lib/hbase-protocol-1.2.6.jar:/home/paradox/hadoop/share/hadoop/yarn/timelineservice/lib/hbase-common-1.2.6.jar:/home/paradox/hadoop/share/hadoop/yarn/timelineservice/lib/hbase-annotations-1.2.6.jar:/home/paradox/hadoop/share/hadoop/yarn/timelineservice/lib/htrace-core-3.1.0-incubating.jar:/home/paradox/hadoop/share/hadoop/yarn/timelineservice/lib/joni-2.1.2.jar:/home/paradox/hadoop/share/hadoop/yarn/timelineservice/lib/metrics-core-2.2.0.jar
STARTUP_MSG:   build = https://gitbox.apache.org/repos/asf/hadoop.git -r b3cbbb467e22ea829b3808f4b7b01d07e0bf3842; compiled by 'rohithsharmaks' on 2019-09-10T15:56Z
STARTUP_MSG:   java = 1.8.0_242
************************************************************/
2020-03-02 12:58:17,467 INFO org.apache.hadoop.yarn.server.resourcemanager.ResourceManager: registered UNIX signal handlers for [TERM, HUP, INT]
2020-03-02 12:58:17,689 INFO org.apache.hadoop.conf.Configuration: found resource core-site.xml at file:/home/paradox/hadoop/etc/hadoop/core-site.xml
2020-03-02 12:58:17,721 INFO org.apache.hadoop.conf.Configuration: resource-types.xml not found
2020-03-02 12:58:17,721 INFO org.apache.hadoop.yarn.util.resource.ResourceUtils: Unable to find 'resource-types.xml'.
2020-03-02 12:58:17,755 INFO org.apache.hadoop.conf.Configuration: found resource yarn-site.xml at file:/home/paradox/hadoop/etc/hadoop/yarn-site.xml
2020-03-02 12:58:17,767 INFO org.apache.hadoop.yarn.event.AsyncDispatcher: Registering class org.apache.hadoop.yarn.server.resourcemanager.RMFatalEventType for class org.apache.hadoop.yarn.server.resourcemanager.ResourceManager$RMFatalEventDispatcher
2020-03-02 12:58:17,797 INFO org.apache.hadoop.yarn.server.resourcemanager.security.NMTokenSecretManagerInRM: NMTokenKeyRollingInterval: 86400000ms and NMTokenKeyActivationDelay: 900000ms
2020-03-02 12:58:17,801 INFO org.apache.hadoop.yarn.server.resourcemanager.security.RMContainerTokenSecretManager: ContainerTokenKeyRollingInterval: 86400000ms and ContainerTokenKeyActivationDelay: 900000ms
2020-03-02 12:58:17,817 INFO org.apache.hadoop.yarn.server.resourcemanager.security.AMRMTokenSecretManager: AMRMTokenKeyRollingInterval: 86400000ms and AMRMTokenKeyActivationDelay: 900000 ms
2020-03-02 12:58:17,845 INFO org.apache.hadoop.yarn.event.AsyncDispatcher: Registering class org.apache.hadoop.yarn.server.resourcemanager.recovery.RMStateStoreEventType for class org.apache.hadoop.yarn.server.resourcemanager.recovery.RMStateStore$ForwardingEventHandler
2020-03-02 12:58:17,847 INFO org.apache.hadoop.yarn.event.AsyncDispatcher: Registering class org.apache.hadoop.yarn.server.resourcemanager.NodesListManagerEventType for class org.apache.hadoop.yarn.server.resourcemanager.NodesListManager
2020-03-02 12:58:17,847 INFO org.apache.hadoop.yarn.server.resourcemanager.ResourceManager: Using Scheduler: org.apache.hadoop.yarn.server.resourcemanager.scheduler.capacity.CapacityScheduler
2020-03-02 12:58:17,870 INFO org.apache.hadoop.yarn.event.AsyncDispatcher: Registering class org.apache.hadoop.yarn.server.resourcemanager.scheduler.event.SchedulerEventType for class org.apache.hadoop.yarn.event.EventDispatcher
2020-03-02 12:58:17,871 INFO org.apache.hadoop.yarn.event.AsyncDispatcher: Registering class org.apache.hadoop.yarn.server.resourcemanager.rmapp.RMAppEventType for class org.apache.hadoop.yarn.server.resourcemanager.ResourceManager$ApplicationEventDispatcher
2020-03-02 12:58:17,871 INFO org.apache.hadoop.yarn.event.AsyncDispatcher: Registering class org.apache.hadoop.yarn.server.resourcemanager.rmapp.attempt.RMAppAttemptEventType for class org.apache.hadoop.yarn.server.resourcemanager.ResourceManager$ApplicationAttemptEventDispatcher
2020-03-02 12:58:17,872 INFO org.apache.hadoop.yarn.event.AsyncDispatcher: Registering class org.apache.hadoop.yarn.server.resourcemanager.rmnode.RMNodeEventType for class org.apache.hadoop.yarn.server.resourcemanager.ResourceManager$NodeEventDispatcher
2020-03-02 12:58:17,918 INFO org.apache.hadoop.metrics2.impl.MetricsConfig: Loaded properties from hadoop-metrics2.properties
2020-03-02 12:58:17,962 INFO org.apache.hadoop.metrics2.impl.MetricsSystemImpl: Scheduled Metric snapshot period at 10 second(s).
2020-03-02 12:58:17,962 INFO org.apache.hadoop.metrics2.impl.MetricsSystemImpl: ResourceManager metrics system started
2020-03-02 12:58:17,973 INFO org.apache.hadoop.yarn.security.YarnAuthorizationProvider: org.apache.hadoop.yarn.security.ConfiguredYarnAuthorizer is instantiated.
2020-03-02 12:58:17,975 INFO org.apache.hadoop.yarn.event.AsyncDispatcher: Registering class org.apache.hadoop.yarn.server.resourcemanager.RMAppManagerEventType for class org.apache.hadoop.yarn.server.resourcemanager.RMAppManager
2020-03-02 12:58:17,980 INFO org.apache.hadoop.yarn.event.AsyncDispatcher: Registering class org.apache.hadoop.yarn.server.resourcemanager.amlauncher.AMLauncherEventType for class org.apache.hadoop.yarn.server.resourcemanager.amlauncher.ApplicationMasterLauncher
2020-03-02 12:58:17,981 INFO org.apache.hadoop.yarn.server.resourcemanager.RMNMInfo: Registered RMNMInfo MBean
2020-03-02 12:58:17,981 INFO org.apache.hadoop.yarn.server.resourcemanager.rmapp.monitor.RMAppLifetimeMonitor: Application lifelime monitor interval set to 3000 ms.
2020-03-02 12:58:17,985 INFO org.apache.hadoop.yarn.server.resourcemanager.scheduler.placement.MultiNodeSortingManager: Initializing NodeSortingService=MultiNodeSortingManager
2020-03-02 12:58:17,986 INFO org.apache.hadoop.util.HostsFileReader: Refreshing hosts (include/exclude) list
2020-03-02 12:58:17,990 INFO org.apache.hadoop.conf.Configuration: found resource capacity-scheduler.xml at file:/home/paradox/hadoop/etc/hadoop/capacity-scheduler.xml
2020-03-02 12:58:17,999 INFO org.apache.hadoop.yarn.server.resourcemanager.scheduler.AbstractYarnScheduler: Minimum allocation = <memory:1024, vCores:1>
2020-03-02 12:58:17,999 INFO org.apache.hadoop.yarn.server.resourcemanager.scheduler.AbstractYarnScheduler: Maximum allocation = <memory:8192, vCores:4>
2020-03-02 12:58:18,028 INFO org.apache.hadoop.yarn.server.resourcemanager.scheduler.capacity.CapacitySchedulerConfiguration: max alloc mb per queue for root is undefined
2020-03-02 12:58:18,028 INFO org.apache.hadoop.yarn.server.resourcemanager.scheduler.capacity.CapacitySchedulerConfiguration: max alloc vcore per queue for root is undefined
2020-03-02 12:58:18,035 INFO org.apache.hadoop.yarn.server.resourcemanager.scheduler.capacity.ParentQueue: root, capacity=1.0, absoluteCapacity=1.0, maxCapacity=1.0, absoluteMaxCapacity=1.0, state=RUNNING, acls=SUBMIT_APP:*ADMINISTER_QUEUE:*, labels=*,
, reservationsContinueLooking=true, orderingPolicy=utilization, priority=0
2020-03-02 12:58:18,035 INFO org.apache.hadoop.yarn.server.resourcemanager.scheduler.capacity.ParentQueue: Initialized parent-queue root name=root, fullname=root
2020-03-02 12:58:18,048 INFO org.apache.hadoop.yarn.server.resourcemanager.scheduler.capacity.CapacitySchedulerConfiguration: max alloc mb per queue for root.default is undefined
2020-03-02 12:58:18,048 INFO org.apache.hadoop.yarn.server.resourcemanager.scheduler.capacity.CapacitySchedulerConfiguration: max alloc vcore per queue for root.default is undefined
2020-03-02 12:58:18,050 INFO org.apache.hadoop.yarn.server.resourcemanager.scheduler.capacity.LeafQueue: Initializing default
capacity = 1.0 [= (float) configuredCapacity / 100 ]
absoluteCapacity = 1.0 [= parentAbsoluteCapacity * capacity ]
maxCapacity = 1.0 [= configuredMaxCapacity ]
absoluteMaxCapacity = 1.0 [= 1.0 maximumCapacity undefined, (parentAbsoluteMaxCapacity * maximumCapacity) / 100 otherwise ]
effectiveMinResource=<memory:0, vCores:0>
 , effectiveMaxResource=<memory:0, vCores:0>
userLimit = 100 [= configuredUserLimit ]
userLimitFactor = 1.0 [= configuredUserLimitFactor ]
maxApplications = 10000 [= configuredMaximumSystemApplicationsPerQueue or (int)(configuredMaximumSystemApplications * absoluteCapacity)]
maxApplicationsPerUser = 10000 [= (int)(maxApplications * (userLimit / 100.0f) * userLimitFactor) ]
usedCapacity = 0.0 [= usedResourcesMemory / (clusterResourceMemory * absoluteCapacity)]
absoluteUsedCapacity = 0.0 [= usedResourcesMemory / clusterResourceMemory]
maxAMResourcePerQueuePercent = 0.1 [= configuredMaximumAMResourcePercent ]
minimumAllocationFactor = 0.875 [= (float)(maximumAllocationMemory - minimumAllocationMemory) / maximumAllocationMemory ]
maximumAllocation = <memory:8192, vCores:4> [= configuredMaxAllocation ]
numContainers = 0 [= currentNumContainers ]
state = RUNNING [= configuredState ]
acls = SUBMIT_APP:*ADMINISTER_QUEUE:* [= configuredAcls ]
nodeLocalityDelay = 40
rackLocalityAdditionalDelay = -1
labels=*,
reservationsContinueLooking = true
preemptionDisabled = true
defaultAppPriorityPerQueue = 0
priority = 0
maxLifetime = -1 seconds
defaultLifetime = -1 seconds
2020-03-02 12:58:18,051 INFO org.apache.hadoop.yarn.server.resourcemanager.scheduler.capacity.CapacitySchedulerQueueManager: Initialized queue: default: capacity=1.0, absoluteCapacity=1.0, usedResources=<memory:0, vCores:0>, usedCapacity=0.0, absoluteUsedCapacity=0.0, numApps=0, numContainers=0, effectiveMinResource=<memory:0, vCores:0> , effectiveMaxResource=<memory:0, vCores:0>
2020-03-02 12:58:18,051 INFO org.apache.hadoop.yarn.server.resourcemanager.scheduler.capacity.CapacitySchedulerQueueManager: Initialized queue: root: numChildQueue= 1, capacity=1.0, absoluteCapacity=1.0, usedResources=<memory:0, vCores:0>usedCapacity=0.0, numApps=0, numContainers=0
2020-03-02 12:58:18,052 INFO org.apache.hadoop.yarn.server.resourcemanager.scheduler.capacity.CapacitySchedulerQueueManager: Initialized root queue root: numChildQueue= 1, capacity=1.0, absoluteCapacity=1.0, usedResources=<memory:0, vCores:0>usedCapacity=0.0, numApps=0, numContainers=0
2020-03-02 12:58:18,053 INFO org.apache.hadoop.yarn.server.resourcemanager.placement.UserGroupMappingPlacementRule: Initialized queue mappings, override: false
2020-03-02 12:58:18,053 INFO org.apache.hadoop.yarn.server.resourcemanager.scheduler.placement.MultiNodeSortingManager: MultiNode scheduling is 'false', and configured policies are 
2020-03-02 12:58:18,053 INFO org.apache.hadoop.yarn.server.resourcemanager.scheduler.capacity.CapacityScheduler: Initialized CapacityScheduler with calculator=class org.apache.hadoop.yarn.util.resource.DefaultResourceCalculator, minimumAllocation=<<memory:1024, vCores:1>>, maximumAllocation=<<memory:8192, vCores:4>>, asynchronousScheduling=false, asyncScheduleInterval=5ms,multiNodePlacementEnabled=false
2020-03-02 12:58:18,056 INFO org.apache.hadoop.conf.Configuration: dynamic-resources.xml not found
2020-03-02 12:58:18,057 INFO org.apache.hadoop.yarn.server.resourcemanager.AMSProcessingChain: Initializing AMS Processing chain. Root Processor=[org.apache.hadoop.yarn.server.resourcemanager.DefaultAMSProcessor].
2020-03-02 12:58:18,057 INFO org.apache.hadoop.yarn.server.resourcemanager.ApplicationMasterService: disabled placement handler will be used, all scheduling requests will be rejected.
2020-03-02 12:58:18,058 INFO org.apache.hadoop.yarn.server.resourcemanager.AMSProcessingChain: Adding [org.apache.hadoop.yarn.server.resourcemanager.scheduler.constraint.processor.DisabledPlacementProcessor] tp top of AMS Processing chain. 
2020-03-02 12:58:18,063 INFO org.apache.hadoop.yarn.server.resourcemanager.ResourceManager: TimelineServicePublisher is not configured
2020-03-02 12:58:18,091 INFO org.eclipse.jetty.util.log: Logging initialized @951ms
2020-03-02 12:58:18,150 INFO org.apache.hadoop.security.authentication.server.AuthenticationFilter: Unable to initialize FileSignerSecretProvider, falling back to use random secrets.
2020-03-02 12:58:18,153 INFO org.apache.hadoop.http.HttpRequestLog: Http request log for http.requests.resourcemanager is not defined
2020-03-02 12:58:18,159 INFO org.apache.hadoop.http.HttpServer2: Added global filter 'safety' (class=org.apache.hadoop.http.HttpServer2$QuotingInputFilter)
2020-03-02 12:58:18,162 INFO org.apache.hadoop.http.HttpServer2: Added filter RMAuthenticationFilter (class=org.apache.hadoop.yarn.server.security.http.RMAuthenticationFilter) to context cluster
2020-03-02 12:58:18,162 INFO org.apache.hadoop.http.HttpServer2: Added filter RMAuthenticationFilter (class=org.apache.hadoop.yarn.server.security.http.RMAuthenticationFilter) to context static
2020-03-02 12:58:18,162 INFO org.apache.hadoop.http.HttpServer2: Added filter RMAuthenticationFilter (class=org.apache.hadoop.yarn.server.security.http.RMAuthenticationFilter) to context logs
2020-03-02 12:58:18,162 INFO org.apache.hadoop.http.HttpServer2: Added filter static_user_filter (class=org.apache.hadoop.http.lib.StaticUserWebFilter$StaticUserFilter) to context cluster
2020-03-02 12:58:18,162 INFO org.apache.hadoop.http.HttpServer2: Added filter static_user_filter (class=org.apache.hadoop.http.lib.StaticUserWebFilter$StaticUserFilter) to context static
2020-03-02 12:58:18,162 INFO org.apache.hadoop.http.HttpServer2: Added filter static_user_filter (class=org.apache.hadoop.http.lib.StaticUserWebFilter$StaticUserFilter) to context logs
2020-03-02 12:58:18,164 INFO org.apache.hadoop.http.HttpServer2: adding path spec: /cluster/*
2020-03-02 12:58:18,164 INFO org.apache.hadoop.http.HttpServer2: adding path spec: /ws/*
2020-03-02 12:58:18,164 INFO org.apache.hadoop.http.HttpServer2: adding path spec: /app/*
2020-03-02 12:58:18,496 INFO org.apache.hadoop.yarn.webapp.WebApps: Registered webapp guice modules
2020-03-02 12:58:18,500 INFO org.apache.hadoop.http.HttpServer2: Jetty bound to port 8088
2020-03-02 12:58:18,501 INFO org.eclipse.jetty.server.Server: jetty-9.3.24.v20180605, build timestamp: 2018-06-06T01:11:56+08:00, git hash: 84205aa28f11a4f31f2a3b86d1bba2cc8ab69827
2020-03-02 12:58:18,525 INFO org.apache.hadoop.security.authentication.server.AuthenticationFilter: Unable to initialize FileSignerSecretProvider, falling back to use random secrets.
2020-03-02 12:58:18,531 INFO org.apache.hadoop.security.token.delegation.AbstractDelegationTokenSecretManager: Updating the current master key for generating delegation tokens
2020-03-02 12:58:18,533 INFO org.apache.hadoop.security.token.delegation.AbstractDelegationTokenSecretManager: Starting expired delegation token remover thread, tokenRemoverScanInterval=60 min(s)
2020-03-02 12:58:18,533 INFO org.apache.hadoop.security.token.delegation.AbstractDelegationTokenSecretManager: Updating the current master key for generating delegation tokens
2020-03-02 12:58:18,544 INFO org.eclipse.jetty.server.handler.ContextHandler: Started o.e.j.s.ServletContextHandler@6986852{/logs,file:///home/paradox/hadoop/logs/,AVAILABLE}
2020-03-02 12:58:18,544 INFO org.eclipse.jetty.server.handler.ContextHandler: Started o.e.j.s.ServletContextHandler@2b9ed6da{/static,jar:file:/home/paradox/hadoop/share/hadoop/yarn/hadoop-yarn-common-3.2.1.jar!/webapps/static,AVAILABLE}
2020-03-02 12:58:19,388 INFO org.eclipse.jetty.server.handler.ContextHandler: Started o.e.j.w.WebAppContext@6f89292e{/,file:///tmp/jetty-0.0.0.0-8088-cluster-_-any-2070999643402978519.dir/webapp/,AVAILABLE}{/cluster}
2020-03-02 12:58:19,394 INFO org.eclipse.jetty.server.AbstractConnector: Started ServerConnector@3bec2275{HTTP/1.1,[http/1.1]}{0.0.0.0:8088}
2020-03-02 12:58:19,394 INFO org.eclipse.jetty.server.Server: Started @2254ms
2020-03-02 12:58:19,394 INFO org.apache.hadoop.yarn.webapp.WebApps: Web app cluster started at 8088
2020-03-02 12:58:19,457 INFO org.apache.hadoop.ipc.CallQueueManager: Using callQueue: class java.util.concurrent.LinkedBlockingQueue, queueCapacity: 100, scheduler: class org.apache.hadoop.ipc.DefaultRpcScheduler, ipcBackoff: false.
2020-03-02 12:58:19,464 INFO org.apache.hadoop.ipc.Server: Starting Socket Reader #1 for port 8033
2020-03-02 12:58:19,566 INFO org.apache.hadoop.yarn.factories.impl.pb.RpcServerFactoryPBImpl: Adding protocol org.apache.hadoop.yarn.server.api.ResourceManagerAdministrationProtocolPB to the server
2020-03-02 12:58:19,567 INFO org.apache.hadoop.ipc.Server: IPC Server Responder: starting
2020-03-02 12:58:19,571 INFO org.apache.hadoop.ipc.Server: IPC Server listener on 8033: starting
2020-03-02 12:58:19,572 INFO org.apache.hadoop.yarn.server.resourcemanager.ResourceManager: Transitioning to active state
2020-03-02 12:58:19,586 INFO org.apache.hadoop.yarn.server.resourcemanager.recovery.RMStateStore: Updating AMRMToken
2020-03-02 12:58:19,586 INFO org.apache.hadoop.yarn.server.resourcemanager.security.RMContainerTokenSecretManager: Rolling master-key for container-tokens
2020-03-02 12:58:19,586 INFO org.apache.hadoop.yarn.server.resourcemanager.security.NMTokenSecretManagerInRM: Rolling master-key for nm-tokens
2020-03-02 12:58:19,586 INFO org.apache.hadoop.security.token.delegation.AbstractDelegationTokenSecretManager: Updating the current master key for generating delegation tokens
2020-03-02 12:58:19,586 INFO org.apache.hadoop.yarn.server.resourcemanager.security.RMDelegationTokenSecretManager: storing master key with keyID 1
2020-03-02 12:58:19,586 INFO org.apache.hadoop.yarn.server.resourcemanager.recovery.RMStateStore: Storing RMDTMasterKey.
2020-03-02 12:58:19,587 INFO org.apache.hadoop.security.token.delegation.AbstractDelegationTokenSecretManager: Starting expired delegation token remover thread, tokenRemoverScanInterval=60 min(s)
2020-03-02 12:58:19,587 INFO org.apache.hadoop.security.token.delegation.AbstractDelegationTokenSecretManager: Updating the current master key for generating delegation tokens
2020-03-02 12:58:19,587 INFO org.apache.hadoop.yarn.server.resourcemanager.security.RMDelegationTokenSecretManager: storing master key with keyID 2
2020-03-02 12:58:19,587 INFO org.apache.hadoop.yarn.server.resourcemanager.recovery.RMStateStore: Storing RMDTMasterKey.
2020-03-02 12:58:19,589 INFO org.apache.hadoop.yarn.event.AsyncDispatcher: Registering class org.apache.hadoop.yarn.nodelabels.event.NodeLabelsStoreEventType for class org.apache.hadoop.yarn.nodelabels.CommonNodeLabelsManager$ForwardingEventHandler
2020-03-02 12:58:19,668 INFO org.apache.hadoop.yarn.nodelabels.store.AbstractFSNodeStore: Created store directory :file:/tmp/hadoop-yarn-paradox/node-attribute
2020-03-02 12:58:19,707 INFO org.apache.hadoop.yarn.nodelabels.store.AbstractFSNodeStore: Finished write mirror at:file:/tmp/hadoop-yarn-paradox/node-attribute/nodeattribute.mirror
2020-03-02 12:58:19,707 INFO org.apache.hadoop.yarn.nodelabels.store.AbstractFSNodeStore: Finished create editlog file at:file:/tmp/hadoop-yarn-paradox/node-attribute/nodeattribute.editlog
2020-03-02 12:58:19,718 INFO org.apache.hadoop.yarn.event.AsyncDispatcher: Registering class org.apache.hadoop.yarn.server.resourcemanager.nodelabels.NodeAttributesStoreEventType for class org.apache.hadoop.yarn.server.resourcemanager.nodelabels.NodeAttributesManagerImpl$ForwardingEventHandler
2020-03-02 12:58:19,718 INFO org.apache.hadoop.yarn.server.resourcemanager.scheduler.placement.MultiNodeSortingManager: Starting NodeSortingService=MultiNodeSortingManager
2020-03-02 12:58:19,733 INFO org.apache.hadoop.ipc.CallQueueManager: Using callQueue: class java.util.concurrent.LinkedBlockingQueue, queueCapacity: 5000, scheduler: class org.apache.hadoop.ipc.DefaultRpcScheduler, ipcBackoff: false.
2020-03-02 12:58:19,734 INFO org.apache.hadoop.ipc.Server: Starting Socket Reader #1 for port 8031
2020-03-02 12:58:19,736 INFO org.apache.hadoop.yarn.factories.impl.pb.RpcServerFactoryPBImpl: Adding protocol org.apache.hadoop.yarn.server.api.ResourceTrackerPB to the server
2020-03-02 12:58:19,736 INFO org.apache.hadoop.ipc.Server: IPC Server Responder: starting
2020-03-02 12:58:19,737 INFO org.apache.hadoop.ipc.Server: IPC Server listener on 8031: starting
2020-03-02 12:58:19,763 INFO org.apache.hadoop.ipc.CallQueueManager: Using callQueue: class java.util.concurrent.LinkedBlockingQueue, queueCapacity: 5000, scheduler: class org.apache.hadoop.ipc.DefaultRpcScheduler, ipcBackoff: false.
2020-03-02 12:58:19,764 INFO org.apache.hadoop.util.JvmPauseMonitor: Starting JVM pause monitor
2020-03-02 12:58:19,769 INFO org.apache.hadoop.ipc.Server: Starting Socket Reader #1 for port 8030
2020-03-02 12:58:19,775 INFO org.apache.hadoop.yarn.factories.impl.pb.RpcServerFactoryPBImpl: Adding protocol org.apache.hadoop.yarn.api.ApplicationMasterProtocolPB to the server
2020-03-02 12:58:19,776 INFO org.apache.hadoop.ipc.Server: IPC Server Responder: starting
2020-03-02 12:58:19,776 INFO org.apache.hadoop.ipc.Server: IPC Server listener on 8030: starting
2020-03-02 12:58:19,871 INFO org.apache.hadoop.ipc.CallQueueManager: Using callQueue: class java.util.concurrent.LinkedBlockingQueue, queueCapacity: 5000, scheduler: class org.apache.hadoop.ipc.DefaultRpcScheduler, ipcBackoff: false.
2020-03-02 12:58:19,872 INFO org.apache.hadoop.ipc.Server: Starting Socket Reader #1 for port 8032
2020-03-02 12:58:19,873 INFO org.apache.hadoop.yarn.factories.impl.pb.RpcServerFactoryPBImpl: Adding protocol org.apache.hadoop.yarn.api.ApplicationClientProtocolPB to the server
2020-03-02 12:58:19,874 INFO org.apache.hadoop.ipc.Server: IPC Server Responder: starting
2020-03-02 12:58:19,874 INFO org.apache.hadoop.ipc.Server: IPC Server listener on 8032: starting
2020-03-02 12:58:19,883 INFO org.apache.hadoop.yarn.server.resourcemanager.ResourceManager: Transitioned to active state
2020-03-02 12:58:26,054 INFO org.apache.hadoop.yarn.server.resourcemanager.ResourceTrackerService: NodeManager from node ubuntu(cmPort: 34747 httpPort: 8042) registered with capability: <memory:8192, vCores:8>, assigned nodeId ubuntu:34747
2020-03-02 12:58:26,055 INFO org.apache.hadoop.yarn.server.resourcemanager.rmnode.RMNodeImpl: ubuntu:34747 Node Transitioned from NEW to RUNNING
2020-03-02 12:58:26,070 INFO org.apache.hadoop.yarn.server.resourcemanager.scheduler.capacity.CapacityScheduler: Added node ubuntu:34747 clusterResource: <memory:8192, vCores:8>
2020-03-02 12:59:56,697 INFO org.apache.hadoop.yarn.server.resourcemanager.RMAuditLogger: USER=dr.who	OPERATION=Get Applications Request	TARGET=ClientRMService	RESULT=SUCCESS
2020-03-02 13:00:57,702 INFO org.apache.hadoop.yarn.server.resourcemanager.ResourceTrackerService: Node with node id : ubuntu:34747 has shutdown, hence unregistering the node.
2020-03-02 13:00:57,704 INFO org.apache.hadoop.yarn.server.resourcemanager.rmnode.RMNodeImpl: Deactivating Node ubuntu:34747 as it is now SHUTDOWN
2020-03-02 13:00:57,704 INFO org.apache.hadoop.yarn.server.resourcemanager.rmnode.RMNodeImpl: ubuntu:34747 Node Transitioned from RUNNING to SHUTDOWN
2020-03-02 13:00:57,706 INFO org.apache.hadoop.yarn.server.resourcemanager.scheduler.capacity.CapacityScheduler: Removed node ubuntu:34747 clusterResource: <memory:0, vCores:0>
2020-03-02 13:00:59,381 ERROR org.apache.hadoop.yarn.server.resourcemanager.ResourceManager: RECEIVED SIGNAL 15: SIGTERM
2020-03-02 13:00:59,384 ERROR org.apache.hadoop.security.token.delegation.AbstractDelegationTokenSecretManager: ExpiredTokenRemover received java.lang.InterruptedException: sleep interrupted
2020-03-02 13:00:59,385 INFO org.eclipse.jetty.server.handler.ContextHandler: Stopped o.e.j.w.WebAppContext@6f89292e{/,null,UNAVAILABLE}{/cluster}
2020-03-02 13:00:59,388 INFO org.eclipse.jetty.server.AbstractConnector: Stopped ServerConnector@3bec2275{HTTP/1.1,[http/1.1]}{0.0.0.0:8088}
2020-03-02 13:00:59,389 INFO org.eclipse.jetty.server.handler.ContextHandler: Stopped o.e.j.s.ServletContextHandler@2b9ed6da{/static,jar:file:/home/paradox/hadoop/share/hadoop/yarn/hadoop-yarn-common-3.2.1.jar!/webapps/static,UNAVAILABLE}
2020-03-02 13:00:59,389 INFO org.eclipse.jetty.server.handler.ContextHandler: Stopped o.e.j.s.ServletContextHandler@6986852{/logs,file:///home/paradox/hadoop/logs/,UNAVAILABLE}
2020-03-02 13:00:59,390 INFO org.apache.hadoop.ipc.Server: Stopping server on 8032
2020-03-02 13:00:59,392 INFO org.apache.hadoop.ipc.Server: Stopping IPC Server listener on 8032
2020-03-02 13:00:59,392 INFO org.apache.hadoop.ipc.Server: Stopping IPC Server Responder
2020-03-02 13:00:59,393 INFO org.apache.hadoop.ipc.Server: Stopping server on 8033
2020-03-02 13:00:59,393 INFO org.apache.hadoop.ipc.Server: Stopping IPC Server listener on 8033
2020-03-02 13:00:59,395 INFO org.apache.hadoop.ipc.Server: Stopping IPC Server Responder
2020-03-02 13:00:59,394 INFO org.apache.hadoop.yarn.server.resourcemanager.ResourceManager: Transitioning to standby state
2020-03-02 13:00:59,398 WARN org.apache.hadoop.yarn.server.resourcemanager.amlauncher.ApplicationMasterLauncher: org.apache.hadoop.yarn.server.resourcemanager.amlauncher.ApplicationMasterLauncher$LauncherThread interrupted. Returning.
2020-03-02 13:00:59,398 INFO org.apache.hadoop.ipc.Server: Stopping server on 8030
2020-03-02 13:00:59,401 INFO org.apache.hadoop.ipc.Server: Stopping IPC Server listener on 8030
2020-03-02 13:00:59,403 INFO org.apache.hadoop.ipc.Server: Stopping IPC Server Responder
2020-03-02 13:00:59,404 INFO org.apache.hadoop.ipc.Server: Stopping server on 8031
2020-03-02 13:00:59,406 INFO org.apache.hadoop.ipc.Server: Stopping IPC Server Responder
2020-03-02 13:00:59,406 ERROR org.apache.hadoop.yarn.event.EventDispatcher: Returning, interrupted : java.lang.InterruptedException
2020-03-02 13:00:59,406 INFO org.apache.hadoop.yarn.util.AbstractLivelinessMonitor: NMLivelinessMonitor thread interrupted
2020-03-02 13:00:59,406 INFO org.apache.hadoop.ipc.Server: Stopping IPC Server listener on 8031
2020-03-02 13:00:59,406 INFO org.apache.hadoop.yarn.server.resourcemanager.scheduler.activities.ActivitiesManager: org.apache.hadoop.yarn.server.resourcemanager.scheduler.activities.ActivitiesManager thread interrupted
2020-03-02 13:00:59,411 INFO org.apache.hadoop.yarn.event.AsyncDispatcher: AsyncDispatcher is draining to stop, ignoring any new events.
2020-03-02 13:00:59,412 INFO org.apache.hadoop.yarn.event.AsyncDispatcher: AsyncDispatcher is draining to stop, ignoring any new events.
2020-03-02 13:00:59,412 INFO org.apache.hadoop.yarn.util.AbstractLivelinessMonitor: org.apache.hadoop.yarn.server.resourcemanager.rmcontainer.ContainerAllocationExpirer thread interrupted
2020-03-02 13:00:59,412 ERROR org.apache.hadoop.security.token.delegation.AbstractDelegationTokenSecretManager: ExpiredTokenRemover received java.lang.InterruptedException: sleep interrupted
2020-03-02 13:00:59,412 INFO org.apache.hadoop.yarn.util.AbstractLivelinessMonitor: AMLivelinessMonitor thread interrupted
2020-03-02 13:00:59,412 INFO org.apache.hadoop.yarn.util.AbstractLivelinessMonitor: org.apache.hadoop.yarn.server.resourcemanager.rmapp.monitor.RMAppLifetimeMonitor thread interrupted
2020-03-02 13:00:59,412 INFO org.apache.hadoop.metrics2.impl.MetricsSystemImpl: Stopping ResourceManager metrics system...
2020-03-02 13:00:59,413 INFO org.apache.hadoop.yarn.util.AbstractLivelinessMonitor: AMLivelinessMonitor thread interrupted
2020-03-02 13:00:59,417 INFO org.apache.hadoop.metrics2.impl.MetricsSystemImpl: ResourceManager metrics system stopped.
2020-03-02 13:00:59,417 INFO org.apache.hadoop.metrics2.impl.MetricsSystemImpl: ResourceManager metrics system shutdown complete.
2020-03-02 13:00:59,417 INFO org.apache.hadoop.yarn.event.AsyncDispatcher: AsyncDispatcher is draining to stop, ignoring any new events.
2020-03-02 13:00:59,417 INFO org.apache.hadoop.yarn.server.resourcemanager.ResourceManager: Transitioned to standby state
2020-03-02 13:00:59,418 INFO org.apache.hadoop.yarn.server.resourcemanager.ResourceManager: SHUTDOWN_MSG: 
/************************************************************
SHUTDOWN_MSG: Shutting down ResourceManager at ubuntu/127.0.1.1
************************************************************/
